{
  "D:\\github\\binar\\binar-final-challenge-frontend\\src\\store\\status.js": {
    "path": "D:\\github\\binar\\binar-final-challenge-frontend\\src\\store\\status.js",
    "statementMap": {
      "0": {
        "start": {
          "line": 3,
          "column": 21
        },
        "end": {
          "line": 6,
          "column": 1
        }
      },
      "1": {
        "start": {
          "line": 8,
          "column": 26
        },
        "end": {
          "line": 8,
          "column": 73
        }
      },
      "2": {
        "start": {
          "line": 10,
          "column": 21
        },
        "end": {
          "line": 12,
          "column": 34
        }
      },
      "3": {
        "start": {
          "line": 14,
          "column": 20
        },
        "end": {
          "line": 30,
          "column": 2
        }
      },
      "4": {
        "start": {
          "line": 19,
          "column": 12
        },
        "end": {
          "line": 19,
          "column": 49
        }
      },
      "5": {
        "start": {
          "line": 20,
          "column": 12
        },
        "end": {
          "line": 20,
          "column": 70
        }
      },
      "6": {
        "start": {
          "line": 24,
          "column": 12
        },
        "end": {
          "line": 24,
          "column": 33
        }
      },
      "7": {
        "start": {
          "line": 25,
          "column": 12
        },
        "end": {
          "line": 25,
          "column": 39
        }
      },
      "8": {
        "start": {
          "line": 26,
          "column": 12
        },
        "end": {
          "line": 26,
          "column": 48
        }
      },
      "9": {
        "start": {
          "line": 27,
          "column": 12
        },
        "end": {
          "line": 27,
          "column": 70
        }
      },
      "10": {
        "start": {
          "line": 34,
          "column": 29
        },
        "end": {
          "line": 34,
          "column": 48
        }
      }
    },
    "fnMap": {
      "0": {
        "name": "(anonymous_0)",
        "decl": {
          "start": {
            "line": 18,
            "column": 20
          },
          "end": {
            "line": 18,
            "column": 21
          }
        },
        "loc": {
          "start": {
            "line": 18,
            "column": 39
          },
          "end": {
            "line": 21,
            "column": 9
          }
        },
        "line": 18
      },
      "1": {
        "name": "(anonymous_1)",
        "decl": {
          "start": {
            "line": 23,
            "column": 18
          },
          "end": {
            "line": 23,
            "column": 19
          }
        },
        "loc": {
          "start": {
            "line": 23,
            "column": 37
          },
          "end": {
            "line": 28,
            "column": 9
          }
        },
        "line": 23
      }
    },
    "branchMap": {
      "0": {
        "loc": {
          "start": {
            "line": 10,
            "column": 21
          },
          "end": {
            "line": 12,
            "column": 34
          }
        },
        "type": "cond-expr",
        "locations": [
          {
            "start": {
              "line": 11,
              "column": 22
            },
            "end": {
              "line": 11,
              "column": 39
            }
          },
          {
            "start": {
              "line": 12,
              "column": 22
            },
            "end": {
              "line": 12,
              "column": 34
            }
          }
        ],
        "line": 10
      }
    },
    "s": {
      "0": 1,
      "1": 1,
      "2": 1,
      "3": 1,
      "4": 0,
      "5": 0,
      "6": 2,
      "7": 2,
      "8": 2,
      "9": 2,
      "10": 1
    },
    "f": {
      "0": 0,
      "1": 2
    },
    "b": {
      "0": [
        0,
        1
      ]
    },
    "_coverageSchema": "1a1c01bbd47fc00a2c39e90264f33305004495a9",
    "hash": "97643eaaff1c187e173224b9d8d87384e4dd914b"
  },
  "D:\\github\\binar\\binar-final-challenge-frontend\\src\\components\\Notif\\index.js": {
    "path": "D:\\github\\binar\\binar-final-challenge-frontend\\src\\components\\Notif\\index.js",
    "statementMap": {
      "0": {
        "start": {
          "line": 12,
          "column": 14
        },
        "end": {
          "line": 134,
          "column": 1
        }
      },
      "1": {
        "start": {
          "line": 13,
          "column": 21
        },
        "end": {
          "line": 13,
          "column": 33
        }
      },
      "2": {
        "start": {
          "line": 14,
          "column": 25
        },
        "end": {
          "line": 14,
          "column": 37
        }
      },
      "3": {
        "start": {
          "line": 15,
          "column": 21
        },
        "end": {
          "line": 15,
          "column": 34
        }
      },
      "4": {
        "start": {
          "line": 16,
          "column": 21
        },
        "end": {
          "line": 16,
          "column": 34
        }
      },
      "5": {
        "start": {
          "line": 18,
          "column": 25
        },
        "end": {
          "line": 42,
          "column": 5
        }
      },
      "6": {
        "start": {
          "line": 19,
          "column": 8
        },
        "end": {
          "line": 19,
          "column": 26
        }
      },
      "7": {
        "start": {
          "line": 20,
          "column": 8
        },
        "end": {
          "line": 41,
          "column": 9
        }
      },
      "8": {
        "start": {
          "line": 21,
          "column": 12
        },
        "end": {
          "line": 23,
          "column": 15
        }
      },
      "9": {
        "start": {
          "line": 25,
          "column": 12
        },
        "end": {
          "line": 27,
          "column": 24
        }
      },
      "10": {
        "start": {
          "line": 29,
          "column": 12
        },
        "end": {
          "line": 31,
          "column": 15
        }
      },
      "11": {
        "start": {
          "line": 33,
          "column": 12
        },
        "end": {
          "line": 33,
          "column": 72
        }
      },
      "12": {
        "start": {
          "line": 36,
          "column": 12
        },
        "end": {
          "line": 36,
          "column": 28
        }
      },
      "13": {
        "start": {
          "line": 37,
          "column": 26
        },
        "end": {
          "line": 37,
          "column": 49
        }
      },
      "14": {
        "start": {
          "line": 38,
          "column": 12
        },
        "end": {
          "line": 40,
          "column": 15
        }
      },
      "15": {
        "start": {
          "line": 44,
          "column": 20
        },
        "end": {
          "line": 46,
          "column": 5
        }
      },
      "16": {
        "start": {
          "line": 45,
          "column": 8
        },
        "end": {
          "line": 45,
          "column": 49
        }
      },
      "17": {
        "start": {
          "line": 49,
          "column": 4
        },
        "end": {
          "line": 60,
          "column": 10
        }
      },
      "18": {
        "start": {
          "line": 50,
          "column": 25
        },
        "end": {
          "line": 56,
          "column": 9
        }
      },
      "19": {
        "start": {
          "line": 51,
          "column": 12
        },
        "end": {
          "line": 55,
          "column": 13
        }
      },
      "20": {
        "start": {
          "line": 52,
          "column": 16
        },
        "end": {
          "line": 54,
          "column": 17
        }
      },
      "21": {
        "start": {
          "line": 53,
          "column": 20
        },
        "end": {
          "line": 53,
          "column": 61
        }
      },
      "22": {
        "start": {
          "line": 57,
          "column": 8
        },
        "end": {
          "line": 57,
          "column": 50
        }
      },
      "23": {
        "start": {
          "line": 59,
          "column": 8
        },
        "end": {
          "line": 59,
          "column": 67
        }
      },
      "24": {
        "start": {
          "line": 59,
          "column": 21
        },
        "end": {
          "line": 59,
          "column": 67
        }
      },
      "25": {
        "start": {
          "line": 62,
          "column": 30
        },
        "end": {
          "line": 88,
          "column": 5
        }
      },
      "26": {
        "start": {
          "line": 63,
          "column": 26
        },
        "end": {
          "line": 63,
          "column": 58
        }
      },
      "27": {
        "start": {
          "line": 64,
          "column": 8
        },
        "end": {
          "line": 87,
          "column": 9
        }
      },
      "28": {
        "start": {
          "line": 66,
          "column": 16
        },
        "end": {
          "line": 66,
          "column": 55
        }
      },
      "29": {
        "start": {
          "line": 68,
          "column": 16
        },
        "end": {
          "line": 68,
          "column": 55
        }
      },
      "30": {
        "start": {
          "line": 70,
          "column": 16
        },
        "end": {
          "line": 70,
          "column": 55
        }
      },
      "31": {
        "start": {
          "line": 72,
          "column": 16
        },
        "end": {
          "line": 72,
          "column": 55
        }
      },
      "32": {
        "start": {
          "line": 76,
          "column": 16
        },
        "end": {
          "line": 76,
          "column": 59
        }
      },
      "33": {
        "start": {
          "line": 78,
          "column": 16
        },
        "end": {
          "line": 78,
          "column": 59
        }
      },
      "34": {
        "start": {
          "line": 80,
          "column": 16
        },
        "end": {
          "line": 80,
          "column": 59
        }
      },
      "35": {
        "start": {
          "line": 82,
          "column": 16
        },
        "end": {
          "line": 82,
          "column": 59
        }
      },
      "36": {
        "start": {
          "line": 86,
          "column": 16
        },
        "end": {
          "line": 86,
          "column": 55
        }
      },
      "37": {
        "start": {
          "line": 90,
          "column": 4
        },
        "end": {
          "line": 133,
          "column": 5
        }
      },
      "38": {
        "start": {
          "line": 96,
          "column": 45
        },
        "end": {
          "line": 96,
          "column": 55
        }
      },
      "39": {
        "start": {
          "line": 98,
          "column": 47
        },
        "end": {
          "line": 98,
          "column": 57
        }
      },
      "40": {
        "start": {
          "line": 111,
          "column": 24
        },
        "end": {
          "line": 128,
          "column": 27
        }
      },
      "41": {
        "start": {
          "line": 121,
          "column": 56
        },
        "end": {
          "line": 121,
          "column": 77
        }
      }
    },
    "fnMap": {
      "0": {
        "name": "(anonymous_0)",
        "decl": {
          "start": {
            "line": 12,
            "column": 14
          },
          "end": {
            "line": 12,
            "column": 15
          }
        },
        "loc": {
          "start": {
            "line": 12,
            "column": 29
          },
          "end": {
            "line": 134,
            "column": 1
          }
        },
        "line": 12
      },
      "1": {
        "name": "(anonymous_1)",
        "decl": {
          "start": {
            "line": 18,
            "column": 25
          },
          "end": {
            "line": 18,
            "column": 26
          }
        },
        "loc": {
          "start": {
            "line": 18,
            "column": 46
          },
          "end": {
            "line": 42,
            "column": 5
          }
        },
        "line": 18
      },
      "2": {
        "name": "(anonymous_2)",
        "decl": {
          "start": {
            "line": 44,
            "column": 20
          },
          "end": {
            "line": 44,
            "column": 21
          }
        },
        "loc": {
          "start": {
            "line": 44,
            "column": 26
          },
          "end": {
            "line": 46,
            "column": 5
          }
        },
        "line": 44
      },
      "3": {
        "name": "(anonymous_3)",
        "decl": {
          "start": {
            "line": 49,
            "column": 14
          },
          "end": {
            "line": 49,
            "column": 15
          }
        },
        "loc": {
          "start": {
            "line": 49,
            "column": 20
          },
          "end": {
            "line": 60,
            "column": 5
          }
        },
        "line": 49
      },
      "4": {
        "name": "(anonymous_4)",
        "decl": {
          "start": {
            "line": 50,
            "column": 25
          },
          "end": {
            "line": 50,
            "column": 26
          }
        },
        "loc": {
          "start": {
            "line": 50,
            "column": 32
          },
          "end": {
            "line": 56,
            "column": 9
          }
        },
        "line": 50
      },
      "5": {
        "name": "(anonymous_5)",
        "decl": {
          "start": {
            "line": 59,
            "column": 15
          },
          "end": {
            "line": 59,
            "column": 16
          }
        },
        "loc": {
          "start": {
            "line": 59,
            "column": 21
          },
          "end": {
            "line": 59,
            "column": 67
          }
        },
        "line": 59
      },
      "6": {
        "name": "(anonymous_6)",
        "decl": {
          "start": {
            "line": 62,
            "column": 30
          },
          "end": {
            "line": 62,
            "column": 31
          }
        },
        "loc": {
          "start": {
            "line": 62,
            "column": 48
          },
          "end": {
            "line": 88,
            "column": 5
          }
        },
        "line": 62
      },
      "7": {
        "name": "(anonymous_7)",
        "decl": {
          "start": {
            "line": 96,
            "column": 37
          },
          "end": {
            "line": 96,
            "column": 38
          }
        },
        "loc": {
          "start": {
            "line": 96,
            "column": 45
          },
          "end": {
            "line": 96,
            "column": 55
          }
        },
        "line": 96
      },
      "8": {
        "name": "(anonymous_8)",
        "decl": {
          "start": {
            "line": 98,
            "column": 39
          },
          "end": {
            "line": 98,
            "column": 40
          }
        },
        "loc": {
          "start": {
            "line": 98,
            "column": 47
          },
          "end": {
            "line": 98,
            "column": 57
          }
        },
        "line": 98
      },
      "9": {
        "name": "(anonymous_9)",
        "decl": {
          "start": {
            "line": 110,
            "column": 30
          },
          "end": {
            "line": 110,
            "column": 31
          }
        },
        "loc": {
          "start": {
            "line": 111,
            "column": 24
          },
          "end": {
            "line": 128,
            "column": 27
          }
        },
        "line": 111
      },
      "10": {
        "name": "(anonymous_10)",
        "decl": {
          "start": {
            "line": 121,
            "column": 49
          },
          "end": {
            "line": 121,
            "column": 50
          }
        },
        "loc": {
          "start": {
            "line": 121,
            "column": 56
          },
          "end": {
            "line": 121,
            "column": 77
          }
        },
        "line": 121
      }
    },
    "branchMap": {
      "0": {
        "loc": {
          "start": {
            "line": 51,
            "column": 12
          },
          "end": {
            "line": 55,
            "column": 13
          }
        },
        "type": "if",
        "locations": [
          {
            "start": {
              "line": 51,
              "column": 12
            },
            "end": {
              "line": 55,
              "column": 13
            }
          },
          {
            "start": {
              "line": 51,
              "column": 12
            },
            "end": {
              "line": 55,
              "column": 13
            }
          }
        ],
        "line": 51
      },
      "1": {
        "loc": {
          "start": {
            "line": 52,
            "column": 16
          },
          "end": {
            "line": 54,
            "column": 17
          }
        },
        "type": "if",
        "locations": [
          {
            "start": {
              "line": 52,
              "column": 16
            },
            "end": {
              "line": 54,
              "column": 17
            }
          },
          {
            "start": {
              "line": 52,
              "column": 16
            },
            "end": {
              "line": 54,
              "column": 17
            }
          }
        ],
        "line": 52
      },
      "2": {
        "loc": {
          "start": {
            "line": 64,
            "column": 8
          },
          "end": {
            "line": 87,
            "column": 9
          }
        },
        "type": "switch",
        "locations": [
          {
            "start": {
              "line": 65,
              "column": 12
            },
            "end": {
              "line": 66,
              "column": 55
            }
          },
          {
            "start": {
              "line": 67,
              "column": 12
            },
            "end": {
              "line": 68,
              "column": 55
            }
          },
          {
            "start": {
              "line": 69,
              "column": 12
            },
            "end": {
              "line": 70,
              "column": 55
            }
          },
          {
            "start": {
              "line": 71,
              "column": 12
            },
            "end": {
              "line": 72,
              "column": 55
            }
          },
          {
            "start": {
              "line": 75,
              "column": 12
            },
            "end": {
              "line": 76,
              "column": 59
            }
          },
          {
            "start": {
              "line": 77,
              "column": 12
            },
            "end": {
              "line": 78,
              "column": 59
            }
          },
          {
            "start": {
              "line": 79,
              "column": 12
            },
            "end": {
              "line": 80,
              "column": 59
            }
          },
          {
            "start": {
              "line": 81,
              "column": 12
            },
            "end": {
              "line": 82,
              "column": 59
            }
          },
          {
            "start": {
              "line": 85,
              "column": 12
            },
            "end": {
              "line": 86,
              "column": 55
            }
          }
        ],
        "line": 64
      },
      "3": {
        "loc": {
          "start": {
            "line": 96,
            "column": 24
          },
          "end": {
            "line": 98,
            "column": 65
          }
        },
        "type": "cond-expr",
        "locations": [
          {
            "start": {
              "line": 97,
              "column": 26
            },
            "end": {
              "line": 97,
              "column": 31
            }
          },
          {
            "start": {
              "line": 98,
              "column": 26
            },
            "end": {
              "line": 98,
              "column": 65
            }
          }
        ],
        "line": 96
      },
      "4": {
        "loc": {
          "start": {
            "line": 124,
            "column": 32
          },
          "end": {
            "line": 126,
            "column": 33
          }
        },
        "type": "binary-expr",
        "locations": [
          {
            "start": {
              "line": 124,
              "column": 32
            },
            "end": {
              "line": 124,
              "column": 53
            }
          },
          {
            "start": {
              "line": 125,
              "column": 36
            },
            "end": {
              "line": 125,
              "column": 42
            }
          }
        ],
        "line": 124
      }
    },
    "s": {
      "0": 1,
      "1": 0,
      "2": 0,
      "3": 0,
      "4": 0,
      "5": 0,
      "6": 0,
      "7": 0,
      "8": 0,
      "9": 0,
      "10": 0,
      "11": 0,
      "12": 0,
      "13": 0,
      "14": 0,
      "15": 0,
      "16": 0,
      "17": 0,
      "18": 0,
      "19": 0,
      "20": 0,
      "21": 0,
      "22": 0,
      "23": 0,
      "24": 0,
      "25": 0,
      "26": 0,
      "27": 0,
      "28": 0,
      "29": 0,
      "30": 0,
      "31": 0,
      "32": 0,
      "33": 0,
      "34": 0,
      "35": 0,
      "36": 0,
      "37": 0,
      "38": 0,
      "39": 0,
      "40": 0,
      "41": 0
    },
    "f": {
      "0": 0,
      "1": 0,
      "2": 0,
      "3": 0,
      "4": 0,
      "5": 0,
      "6": 0,
      "7": 0,
      "8": 0,
      "9": 0,
      "10": 0
    },
    "b": {
      "0": [
        0,
        0
      ],
      "1": [
        0,
        0
      ],
      "2": [
        0,
        0,
        0,
        0,
        0,
        0,
        0,
        0,
        0
      ],
      "3": [
        0,
        0
      ],
      "4": [
        0,
        0
      ]
    },
    "_coverageSchema": "1a1c01bbd47fc00a2c39e90264f33305004495a9",
    "hash": "c6e6389b8e06c1ce5ef9ea0b523c49cc05561606"
  },
  "D:\\github\\binar\\binar-final-challenge-frontend\\src\\pages\\index.js": {
    "path": "D:\\github\\binar\\binar-final-challenge-frontend\\src\\pages\\index.js",
    "statementMap": {
      "0": {
        "start": {
          "line": 51,
          "column": 13
        },
        "end": {
          "line": 465,
          "column": 1
        }
      },
      "1": {
        "start": {
          "line": 54,
          "column": 40
        },
        "end": {
          "line": 54,
          "column": 72
        }
      },
      "2": {
        "start": {
          "line": 54,
          "column": 61
        },
        "end": {
          "line": 54,
          "column": 71
        }
      },
      "3": {
        "start": {
          "line": 55,
          "column": 31
        },
        "end": {
          "line": 55,
          "column": 65
        }
      },
      "4": {
        "start": {
          "line": 55,
          "column": 52
        },
        "end": {
          "line": 55,
          "column": 64
        }
      },
      "5": {
        "start": {
          "line": 62,
          "column": 40
        },
        "end": {
          "line": 62,
          "column": 55
        }
      },
      "6": {
        "start": {
          "line": 63,
          "column": 64
        },
        "end": {
          "line": 63,
          "column": 79
        }
      },
      "7": {
        "start": {
          "line": 64,
          "column": 54
        },
        "end": {
          "line": 64,
          "column": 69
        }
      },
      "8": {
        "start": {
          "line": 67,
          "column": 32
        },
        "end": {
          "line": 70,
          "column": 6
        }
      },
      "9": {
        "start": {
          "line": 73,
          "column": 44
        },
        "end": {
          "line": 73,
          "column": 63
        }
      },
      "10": {
        "start": {
          "line": 76,
          "column": 26
        },
        "end": {
          "line": 76,
          "column": 46
        }
      },
      "11": {
        "start": {
          "line": 79,
          "column": 58
        },
        "end": {
          "line": 79,
          "column": 70
        }
      },
      "12": {
        "start": {
          "line": 80,
          "column": 36
        },
        "end": {
          "line": 80,
          "column": 48
        }
      },
      "13": {
        "start": {
          "line": 87,
          "column": 21
        },
        "end": {
          "line": 87,
          "column": 34
        }
      },
      "14": {
        "start": {
          "line": 90,
          "column": 21
        },
        "end": {
          "line": 90,
          "column": 34
        }
      },
      "15": {
        "start": {
          "line": 96,
          "column": 21
        },
        "end": {
          "line": 96,
          "column": 34
        }
      },
      "16": {
        "start": {
          "line": 103,
          "column": 29
        },
        "end": {
          "line": 109,
          "column": 5
        }
      },
      "17": {
        "start": {
          "line": 104,
          "column": 26
        },
        "end": {
          "line": 104,
          "column": 49
        }
      },
      "18": {
        "start": {
          "line": 105,
          "column": 8
        },
        "end": {
          "line": 108,
          "column": 13
        }
      },
      "19": {
        "start": {
          "line": 112,
          "column": 30
        },
        "end": {
          "line": 116,
          "column": 5
        }
      },
      "20": {
        "start": {
          "line": 113,
          "column": 8
        },
        "end": {
          "line": 115,
          "column": 11
        }
      },
      "21": {
        "start": {
          "line": 119,
          "column": 25
        },
        "end": {
          "line": 121,
          "column": 5
        }
      },
      "22": {
        "start": {
          "line": 120,
          "column": 8
        },
        "end": {
          "line": 120,
          "column": 27
        }
      },
      "23": {
        "start": {
          "line": 124,
          "column": 25
        },
        "end": {
          "line": 169,
          "column": 5
        }
      },
      "24": {
        "start": {
          "line": 125,
          "column": 8
        },
        "end": {
          "line": 125,
          "column": 26
        }
      },
      "25": {
        "start": {
          "line": 126,
          "column": 8
        },
        "end": {
          "line": 168,
          "column": 9
        }
      },
      "26": {
        "start": {
          "line": 127,
          "column": 12
        },
        "end": {
          "line": 129,
          "column": 15
        }
      },
      "27": {
        "start": {
          "line": 131,
          "column": 12
        },
        "end": {
          "line": 133,
          "column": 24
        }
      },
      "28": {
        "start": {
          "line": 135,
          "column": 12
        },
        "end": {
          "line": 137,
          "column": 15
        }
      },
      "29": {
        "start": {
          "line": 139,
          "column": 12
        },
        "end": {
          "line": 139,
          "column": 72
        }
      },
      "30": {
        "start": {
          "line": 142,
          "column": 12
        },
        "end": {
          "line": 142,
          "column": 28
        }
      },
      "31": {
        "start": {
          "line": 143,
          "column": 26
        },
        "end": {
          "line": 143,
          "column": 49
        }
      },
      "32": {
        "start": {
          "line": 144,
          "column": 31
        },
        "end": {
          "line": 144,
          "column": 47
        }
      },
      "33": {
        "start": {
          "line": 145,
          "column": 12
        },
        "end": {
          "line": 167,
          "column": 13
        }
      },
      "34": {
        "start": {
          "line": 147,
          "column": 20
        },
        "end": {
          "line": 151,
          "column": 22
        }
      },
      "35": {
        "start": {
          "line": 152,
          "column": 20
        },
        "end": {
          "line": 152,
          "column": 25
        }
      },
      "36": {
        "start": {
          "line": 155,
          "column": 20
        },
        "end": {
          "line": 155,
          "column": 45
        }
      },
      "37": {
        "start": {
          "line": 156,
          "column": 20
        },
        "end": {
          "line": 156,
          "column": 25
        }
      },
      "38": {
        "start": {
          "line": 159,
          "column": 20
        },
        "end": {
          "line": 159,
          "column": 45
        }
      },
      "39": {
        "start": {
          "line": 160,
          "column": 20
        },
        "end": {
          "line": 160,
          "column": 25
        }
      },
      "40": {
        "start": {
          "line": 163,
          "column": 20
        },
        "end": {
          "line": 165,
          "column": 23
        }
      },
      "41": {
        "start": {
          "line": 166,
          "column": 20
        },
        "end": {
          "line": 166,
          "column": 25
        }
      },
      "42": {
        "start": {
          "line": 172,
          "column": 19
        },
        "end": {
          "line": 174,
          "column": 5
        }
      },
      "43": {
        "start": {
          "line": 173,
          "column": 8
        },
        "end": {
          "line": 173,
          "column": 28
        }
      },
      "44": {
        "start": {
          "line": 177,
          "column": 26
        },
        "end": {
          "line": 192,
          "column": 5
        }
      },
      "45": {
        "start": {
          "line": 178,
          "column": 8
        },
        "end": {
          "line": 178,
          "column": 28
        }
      },
      "46": {
        "start": {
          "line": 179,
          "column": 8
        },
        "end": {
          "line": 190,
          "column": 9
        }
      },
      "47": {
        "start": {
          "line": 181,
          "column": 16
        },
        "end": {
          "line": 181,
          "column": 48
        }
      },
      "48": {
        "start": {
          "line": 182,
          "column": 16
        },
        "end": {
          "line": 182,
          "column": 43
        }
      },
      "49": {
        "start": {
          "line": 183,
          "column": 16
        },
        "end": {
          "line": 183,
          "column": 21
        }
      },
      "50": {
        "start": {
          "line": 185,
          "column": 16
        },
        "end": {
          "line": 185,
          "column": 48
        }
      },
      "51": {
        "start": {
          "line": 186,
          "column": 16
        },
        "end": {
          "line": 186,
          "column": 43
        }
      },
      "52": {
        "start": {
          "line": 187,
          "column": 16
        },
        "end": {
          "line": 187,
          "column": 21
        }
      },
      "53": {
        "start": {
          "line": 189,
          "column": 16
        },
        "end": {
          "line": 189,
          "column": 21
        }
      },
      "54": {
        "start": {
          "line": 195,
          "column": 21
        },
        "end": {
          "line": 200,
          "column": 5
        }
      },
      "55": {
        "start": {
          "line": 196,
          "column": 8
        },
        "end": {
          "line": 199,
          "column": 13
        }
      },
      "56": {
        "start": {
          "line": 207,
          "column": 4
        },
        "end": {
          "line": 270,
          "column": 78
        }
      },
      "57": {
        "start": {
          "line": 208,
          "column": 26
        },
        "end": {
          "line": 256,
          "column": 9
        }
      },
      "58": {
        "start": {
          "line": 211,
          "column": 12
        },
        "end": {
          "line": 255,
          "column": 13
        }
      },
      "59": {
        "start": {
          "line": 212,
          "column": 16
        },
        "end": {
          "line": 214,
          "column": 19
        }
      },
      "60": {
        "start": {
          "line": 216,
          "column": 16
        },
        "end": {
          "line": 233,
          "column": 17
        }
      },
      "61": {
        "start": {
          "line": 217,
          "column": 20
        },
        "end": {
          "line": 224,
          "column": 22
        }
      },
      "62": {
        "start": {
          "line": 226,
          "column": 20
        },
        "end": {
          "line": 232,
          "column": 22
        }
      },
      "63": {
        "start": {
          "line": 234,
          "column": 16
        },
        "end": {
          "line": 236,
          "column": 19
        }
      },
      "64": {
        "start": {
          "line": 238,
          "column": 16
        },
        "end": {
          "line": 238,
          "column": 64
        }
      },
      "65": {
        "start": {
          "line": 239,
          "column": 16
        },
        "end": {
          "line": 239,
          "column": 48
        }
      },
      "66": {
        "start": {
          "line": 241,
          "column": 16
        },
        "end": {
          "line": 241,
          "column": 32
        }
      },
      "67": {
        "start": {
          "line": 242,
          "column": 30
        },
        "end": {
          "line": 242,
          "column": 53
        }
      },
      "68": {
        "start": {
          "line": 243,
          "column": 35
        },
        "end": {
          "line": 243,
          "column": 51
        }
      },
      "69": {
        "start": {
          "line": 244,
          "column": 16
        },
        "end": {
          "line": 254,
          "column": 17
        }
      },
      "70": {
        "start": {
          "line": 246,
          "column": 24
        },
        "end": {
          "line": 246,
          "column": 49
        }
      },
      "71": {
        "start": {
          "line": 247,
          "column": 24
        },
        "end": {
          "line": 247,
          "column": 29
        }
      },
      "72": {
        "start": {
          "line": 250,
          "column": 24
        },
        "end": {
          "line": 252,
          "column": 27
        }
      },
      "73": {
        "start": {
          "line": 253,
          "column": 24
        },
        "end": {
          "line": 253,
          "column": 29
        }
      },
      "74": {
        "start": {
          "line": 257,
          "column": 8
        },
        "end": {
          "line": 259,
          "column": 11
        }
      },
      "75": {
        "start": {
          "line": 261,
          "column": 28
        },
        "end": {
          "line": 261,
          "column": 84
        }
      },
      "76": {
        "start": {
          "line": 262,
          "column": 29
        },
        "end": {
          "line": 265,
          "column": 9
        }
      },
      "77": {
        "start": {
          "line": 267,
          "column": 8
        },
        "end": {
          "line": 267,
          "column": 31
        }
      },
      "78": {
        "start": {
          "line": 268,
          "column": 8
        },
        "end": {
          "line": 268,
          "column": 77
        }
      },
      "79": {
        "start": {
          "line": 269,
          "column": 8
        },
        "end": {
          "line": 269,
          "column": 31
        }
      },
      "80": {
        "start": {
          "line": 275,
          "column": 21
        },
        "end": {
          "line": 292,
          "column": 5
        }
      },
      "81": {
        "start": {
          "line": 285,
          "column": 47
        },
        "end": {
          "line": 285,
          "column": 83
        }
      },
      "82": {
        "start": {
          "line": 290,
          "column": 47
        },
        "end": {
          "line": 290,
          "column": 77
        }
      },
      "83": {
        "start": {
          "line": 295,
          "column": 30
        },
        "end": {
          "line": 321,
          "column": 5
        }
      },
      "84": {
        "start": {
          "line": 296,
          "column": 26
        },
        "end": {
          "line": 296,
          "column": 58
        }
      },
      "85": {
        "start": {
          "line": 297,
          "column": 8
        },
        "end": {
          "line": 320,
          "column": 9
        }
      },
      "86": {
        "start": {
          "line": 299,
          "column": 16
        },
        "end": {
          "line": 299,
          "column": 55
        }
      },
      "87": {
        "start": {
          "line": 301,
          "column": 16
        },
        "end": {
          "line": 301,
          "column": 55
        }
      },
      "88": {
        "start": {
          "line": 303,
          "column": 16
        },
        "end": {
          "line": 303,
          "column": 55
        }
      },
      "89": {
        "start": {
          "line": 305,
          "column": 16
        },
        "end": {
          "line": 305,
          "column": 55
        }
      },
      "90": {
        "start": {
          "line": 309,
          "column": 16
        },
        "end": {
          "line": 309,
          "column": 59
        }
      },
      "91": {
        "start": {
          "line": 311,
          "column": 16
        },
        "end": {
          "line": 311,
          "column": 59
        }
      },
      "92": {
        "start": {
          "line": 313,
          "column": 16
        },
        "end": {
          "line": 313,
          "column": 59
        }
      },
      "93": {
        "start": {
          "line": 315,
          "column": 16
        },
        "end": {
          "line": 315,
          "column": 59
        }
      },
      "94": {
        "start": {
          "line": 319,
          "column": 16
        },
        "end": {
          "line": 319,
          "column": 55
        }
      },
      "95": {
        "start": {
          "line": 323,
          "column": 4
        },
        "end": {
          "line": 464,
          "column": 5
        }
      },
      "96": {
        "start": {
          "line": 328,
          "column": 76
        },
        "end": {
          "line": 328,
          "column": 113
        }
      },
      "97": {
        "start": {
          "line": 332,
          "column": 24
        },
        "end": {
          "line": 343,
          "column": 30
        }
      },
      "98": {
        "start": {
          "line": 341,
          "column": 56
        },
        "end": {
          "line": 341,
          "column": 77
        }
      },
      "99": {
        "start": {
          "line": 351,
          "column": 76
        },
        "end": {
          "line": 351,
          "column": 107
        }
      },
      "100": {
        "start": {
          "line": 431,
          "column": 32
        },
        "end": {
          "line": 439,
          "column": 50
        }
      },
      "101": {
        "start": {
          "line": 446,
          "column": 32
        },
        "end": {
          "line": 446,
          "column": 113
        }
      }
    },
    "fnMap": {
      "0": {
        "name": "(anonymous_0)",
        "decl": {
          "start": {
            "line": 51,
            "column": 13
          },
          "end": {
            "line": 51,
            "column": 14
          }
        },
        "loc": {
          "start": {
            "line": 51,
            "column": 19
          },
          "end": {
            "line": 465,
            "column": 1
          }
        },
        "line": 51
      },
      "1": {
        "name": "(anonymous_1)",
        "decl": {
          "start": {
            "line": 54,
            "column": 52
          },
          "end": {
            "line": 54,
            "column": 53
          }
        },
        "loc": {
          "start": {
            "line": 54,
            "column": 61
          },
          "end": {
            "line": 54,
            "column": 71
          }
        },
        "line": 54
      },
      "2": {
        "name": "(anonymous_2)",
        "decl": {
          "start": {
            "line": 55,
            "column": 43
          },
          "end": {
            "line": 55,
            "column": 44
          }
        },
        "loc": {
          "start": {
            "line": 55,
            "column": 52
          },
          "end": {
            "line": 55,
            "column": 64
          }
        },
        "line": 55
      },
      "3": {
        "name": "(anonymous_3)",
        "decl": {
          "start": {
            "line": 103,
            "column": 29
          },
          "end": {
            "line": 103,
            "column": 30
          }
        },
        "loc": {
          "start": {
            "line": 103,
            "column": 41
          },
          "end": {
            "line": 109,
            "column": 5
          }
        },
        "line": 103
      },
      "4": {
        "name": "(anonymous_4)",
        "decl": {
          "start": {
            "line": 112,
            "column": 30
          },
          "end": {
            "line": 112,
            "column": 31
          }
        },
        "loc": {
          "start": {
            "line": 112,
            "column": 36
          },
          "end": {
            "line": 116,
            "column": 5
          }
        },
        "line": 112
      },
      "5": {
        "name": "(anonymous_5)",
        "decl": {
          "start": {
            "line": 119,
            "column": 25
          },
          "end": {
            "line": 119,
            "column": 26
          }
        },
        "loc": {
          "start": {
            "line": 119,
            "column": 31
          },
          "end": {
            "line": 121,
            "column": 5
          }
        },
        "line": 119
      },
      "6": {
        "name": "(anonymous_6)",
        "decl": {
          "start": {
            "line": 124,
            "column": 25
          },
          "end": {
            "line": 124,
            "column": 26
          }
        },
        "loc": {
          "start": {
            "line": 124,
            "column": 46
          },
          "end": {
            "line": 169,
            "column": 5
          }
        },
        "line": 124
      },
      "7": {
        "name": "(anonymous_7)",
        "decl": {
          "start": {
            "line": 172,
            "column": 19
          },
          "end": {
            "line": 172,
            "column": 20
          }
        },
        "loc": {
          "start": {
            "line": 172,
            "column": 30
          },
          "end": {
            "line": 174,
            "column": 5
          }
        },
        "line": 172
      },
      "8": {
        "name": "(anonymous_8)",
        "decl": {
          "start": {
            "line": 177,
            "column": 26
          },
          "end": {
            "line": 177,
            "column": 27
          }
        },
        "loc": {
          "start": {
            "line": 177,
            "column": 45
          },
          "end": {
            "line": 192,
            "column": 5
          }
        },
        "line": 177
      },
      "9": {
        "name": "(anonymous_9)",
        "decl": {
          "start": {
            "line": 195,
            "column": 21
          },
          "end": {
            "line": 195,
            "column": 22
          }
        },
        "loc": {
          "start": {
            "line": 195,
            "column": 32
          },
          "end": {
            "line": 200,
            "column": 5
          }
        },
        "line": 195
      },
      "10": {
        "name": "(anonymous_10)",
        "decl": {
          "start": {
            "line": 207,
            "column": 14
          },
          "end": {
            "line": 207,
            "column": 15
          }
        },
        "loc": {
          "start": {
            "line": 207,
            "column": 20
          },
          "end": {
            "line": 270,
            "column": 5
          }
        },
        "line": 207
      },
      "11": {
        "name": "(anonymous_11)",
        "decl": {
          "start": {
            "line": 208,
            "column": 26
          },
          "end": {
            "line": 208,
            "column": 27
          }
        },
        "loc": {
          "start": {
            "line": 208,
            "column": 49
          },
          "end": {
            "line": 256,
            "column": 9
          }
        },
        "line": 208
      },
      "12": {
        "name": "(anonymous_12)",
        "decl": {
          "start": {
            "line": 285,
            "column": 41
          },
          "end": {
            "line": 285,
            "column": 42
          }
        },
        "loc": {
          "start": {
            "line": 285,
            "column": 47
          },
          "end": {
            "line": 285,
            "column": 83
          }
        },
        "line": 285
      },
      "13": {
        "name": "(anonymous_13)",
        "decl": {
          "start": {
            "line": 290,
            "column": 41
          },
          "end": {
            "line": 290,
            "column": 42
          }
        },
        "loc": {
          "start": {
            "line": 290,
            "column": 47
          },
          "end": {
            "line": 290,
            "column": 77
          }
        },
        "line": 290
      },
      "14": {
        "name": "(anonymous_14)",
        "decl": {
          "start": {
            "line": 295,
            "column": 30
          },
          "end": {
            "line": 295,
            "column": 31
          }
        },
        "loc": {
          "start": {
            "line": 295,
            "column": 48
          },
          "end": {
            "line": 321,
            "column": 5
          }
        },
        "line": 295
      },
      "15": {
        "name": "(anonymous_15)",
        "decl": {
          "start": {
            "line": 328,
            "column": 70
          },
          "end": {
            "line": 328,
            "column": 71
          }
        },
        "loc": {
          "start": {
            "line": 328,
            "column": 76
          },
          "end": {
            "line": 328,
            "column": 113
          }
        },
        "line": 328
      },
      "16": {
        "name": "(anonymous_16)",
        "decl": {
          "start": {
            "line": 331,
            "column": 38
          },
          "end": {
            "line": 331,
            "column": 39
          }
        },
        "loc": {
          "start": {
            "line": 332,
            "column": 24
          },
          "end": {
            "line": 343,
            "column": 30
          }
        },
        "line": 332
      },
      "17": {
        "name": "(anonymous_17)",
        "decl": {
          "start": {
            "line": 341,
            "column": 49
          },
          "end": {
            "line": 341,
            "column": 50
          }
        },
        "loc": {
          "start": {
            "line": 341,
            "column": 56
          },
          "end": {
            "line": 341,
            "column": 77
          }
        },
        "line": 341
      },
      "18": {
        "name": "(anonymous_18)",
        "decl": {
          "start": {
            "line": 351,
            "column": 70
          },
          "end": {
            "line": 351,
            "column": 71
          }
        },
        "loc": {
          "start": {
            "line": 351,
            "column": 76
          },
          "end": {
            "line": 351,
            "column": 107
          }
        },
        "line": 351
      },
      "19": {
        "name": "(anonymous_19)",
        "decl": {
          "start": {
            "line": 429,
            "column": 53
          },
          "end": {
            "line": 429,
            "column": 54
          }
        },
        "loc": {
          "start": {
            "line": 431,
            "column": 32
          },
          "end": {
            "line": 439,
            "column": 50
          }
        },
        "line": 431
      },
      "20": {
        "name": "(anonymous_20)",
        "decl": {
          "start": {
            "line": 445,
            "column": 41
          },
          "end": {
            "line": 445,
            "column": 42
          }
        },
        "loc": {
          "start": {
            "line": 446,
            "column": 32
          },
          "end": {
            "line": 446,
            "column": 113
          }
        },
        "line": 446
      }
    },
    "branchMap": {
      "0": {
        "loc": {
          "start": {
            "line": 145,
            "column": 12
          },
          "end": {
            "line": 167,
            "column": 13
          }
        },
        "type": "switch",
        "locations": [
          {
            "start": {
              "line": 146,
              "column": 16
            },
            "end": {
              "line": 152,
              "column": 25
            }
          },
          {
            "start": {
              "line": 154,
              "column": 16
            },
            "end": {
              "line": 156,
              "column": 25
            }
          },
          {
            "start": {
              "line": 158,
              "column": 16
            },
            "end": {
              "line": 160,
              "column": 25
            }
          },
          {
            "start": {
              "line": 162,
              "column": 16
            },
            "end": {
              "line": 166,
              "column": 25
            }
          }
        ],
        "line": 145
      },
      "1": {
        "loc": {
          "start": {
            "line": 179,
            "column": 8
          },
          "end": {
            "line": 190,
            "column": 9
          }
        },
        "type": "switch",
        "locations": [
          {
            "start": {
              "line": 180,
              "column": 12
            },
            "end": {
              "line": 183,
              "column": 21
            }
          },
          {
            "start": {
              "line": 184,
              "column": 12
            },
            "end": {
              "line": 187,
              "column": 21
            }
          },
          {
            "start": {
              "line": 188,
              "column": 12
            },
            "end": {
              "line": 189,
              "column": 21
            }
          }
        ],
        "line": 179
      },
      "2": {
        "loc": {
          "start": {
            "line": 216,
            "column": 16
          },
          "end": {
            "line": 233,
            "column": 17
          }
        },
        "type": "if",
        "locations": [
          {
            "start": {
              "line": 216,
              "column": 16
            },
            "end": {
              "line": 233,
              "column": 17
            }
          },
          {
            "start": {
              "line": 216,
              "column": 16
            },
            "end": {
              "line": 233,
              "column": 17
            }
          }
        ],
        "line": 216
      },
      "3": {
        "loc": {
          "start": {
            "line": 244,
            "column": 16
          },
          "end": {
            "line": 254,
            "column": 17
          }
        },
        "type": "switch",
        "locations": [
          {
            "start": {
              "line": 245,
              "column": 20
            },
            "end": {
              "line": 247,
              "column": 29
            }
          },
          {
            "start": {
              "line": 249,
              "column": 20
            },
            "end": {
              "line": 253,
              "column": 29
            }
          }
        ],
        "line": 244
      },
      "4": {
        "loc": {
          "start": {
            "line": 263,
            "column": 20
          },
          "end": {
            "line": 263,
            "column": 44
          }
        },
        "type": "binary-expr",
        "locations": [
          {
            "start": {
              "line": 263,
              "column": 20
            },
            "end": {
              "line": 263,
              "column": 38
            }
          },
          {
            "start": {
              "line": 263,
              "column": 42
            },
            "end": {
              "line": 263,
              "column": 44
            }
          }
        ],
        "line": 263
      },
      "5": {
        "loc": {
          "start": {
            "line": 264,
            "column": 22
          },
          "end": {
            "line": 264,
            "column": 48
          }
        },
        "type": "binary-expr",
        "locations": [
          {
            "start": {
              "line": 264,
              "column": 22
            },
            "end": {
              "line": 264,
              "column": 42
            }
          },
          {
            "start": {
              "line": 264,
              "column": 46
            },
            "end": {
              "line": 264,
              "column": 48
            }
          }
        ],
        "line": 264
      },
      "6": {
        "loc": {
          "start": {
            "line": 297,
            "column": 8
          },
          "end": {
            "line": 320,
            "column": 9
          }
        },
        "type": "switch",
        "locations": [
          {
            "start": {
              "line": 298,
              "column": 12
            },
            "end": {
              "line": 299,
              "column": 55
            }
          },
          {
            "start": {
              "line": 300,
              "column": 12
            },
            "end": {
              "line": 301,
              "column": 55
            }
          },
          {
            "start": {
              "line": 302,
              "column": 12
            },
            "end": {
              "line": 303,
              "column": 55
            }
          },
          {
            "start": {
              "line": 304,
              "column": 12
            },
            "end": {
              "line": 305,
              "column": 55
            }
          },
          {
            "start": {
              "line": 308,
              "column": 12
            },
            "end": {
              "line": 309,
              "column": 59
            }
          },
          {
            "start": {
              "line": 310,
              "column": 12
            },
            "end": {
              "line": 311,
              "column": 59
            }
          },
          {
            "start": {
              "line": 312,
              "column": 12
            },
            "end": {
              "line": 313,
              "column": 59
            }
          },
          {
            "start": {
              "line": 314,
              "column": 12
            },
            "end": {
              "line": 315,
              "column": 59
            }
          },
          {
            "start": {
              "line": 318,
              "column": 12
            },
            "end": {
              "line": 319,
              "column": 55
            }
          }
        ],
        "line": 297
      },
      "7": {
        "loc": {
          "start": {
            "line": 354,
            "column": 39
          },
          "end": {
            "line": 354,
            "column": 104
          }
        },
        "type": "cond-expr",
        "locations": [
          {
            "start": {
              "line": 354,
              "column": 68
            },
            "end": {
              "line": 354,
              "column": 94
            }
          },
          {
            "start": {
              "line": 354,
              "column": 97
            },
            "end": {
              "line": 354,
              "column": 104
            }
          }
        ],
        "line": 354
      },
      "8": {
        "loc": {
          "start": {
            "line": 422,
            "column": 47
          },
          "end": {
            "line": 422,
            "column": 121
          }
        },
        "type": "cond-expr",
        "locations": [
          {
            "start": {
              "line": 422,
              "column": 66
            },
            "end": {
              "line": 422,
              "column": 92
            }
          },
          {
            "start": {
              "line": 422,
              "column": 95
            },
            "end": {
              "line": 422,
              "column": 121
            }
          }
        ],
        "line": 422
      },
      "9": {
        "loc": {
          "start": {
            "line": 423,
            "column": 51
          },
          "end": {
            "line": 423,
            "column": 100
          }
        },
        "type": "cond-expr",
        "locations": [
          {
            "start": {
              "line": 423,
              "column": 70
            },
            "end": {
              "line": 423,
              "column": 90
            }
          },
          {
            "start": {
              "line": 423,
              "column": 93
            },
            "end": {
              "line": 423,
              "column": 100
            }
          }
        ],
        "line": 423
      },
      "10": {
        "loc": {
          "start": {
            "line": 434,
            "column": 55
          },
          "end": {
            "line": 434,
            "column": 137
          }
        },
        "type": "cond-expr",
        "locations": [
          {
            "start": {
              "line": 434,
              "column": 82
            },
            "end": {
              "line": 434,
              "column": 108
            }
          },
          {
            "start": {
              "line": 434,
              "column": 111
            },
            "end": {
              "line": 434,
              "column": 137
            }
          }
        ],
        "line": 434
      },
      "11": {
        "loc": {
          "start": {
            "line": 435,
            "column": 59
          },
          "end": {
            "line": 435,
            "column": 116
          }
        },
        "type": "cond-expr",
        "locations": [
          {
            "start": {
              "line": 435,
              "column": 86
            },
            "end": {
              "line": 435,
              "column": 106
            }
          },
          {
            "start": {
              "line": 435,
              "column": 109
            },
            "end": {
              "line": 435,
              "column": 116
            }
          }
        ],
        "line": 435
      }
    },
    "s": {
      "0": 1,
      "1": 0,
      "2": 0,
      "3": 0,
      "4": 0,
      "5": 0,
      "6": 0,
      "7": 0,
      "8": 0,
      "9": 0,
      "10": 0,
      "11": 0,
      "12": 0,
      "13": 0,
      "14": 0,
      "15": 0,
      "16": 0,
      "17": 0,
      "18": 0,
      "19": 0,
      "20": 0,
      "21": 0,
      "22": 0,
      "23": 0,
      "24": 0,
      "25": 0,
      "26": 0,
      "27": 0,
      "28": 0,
      "29": 0,
      "30": 0,
      "31": 0,
      "32": 0,
      "33": 0,
      "34": 0,
      "35": 0,
      "36": 0,
      "37": 0,
      "38": 0,
      "39": 0,
      "40": 0,
      "41": 0,
      "42": 0,
      "43": 0,
      "44": 0,
      "45": 0,
      "46": 0,
      "47": 0,
      "48": 0,
      "49": 0,
      "50": 0,
      "51": 0,
      "52": 0,
      "53": 0,
      "54": 0,
      "55": 0,
      "56": 0,
      "57": 0,
      "58": 0,
      "59": 0,
      "60": 0,
      "61": 0,
      "62": 0,
      "63": 0,
      "64": 0,
      "65": 0,
      "66": 0,
      "67": 0,
      "68": 0,
      "69": 0,
      "70": 0,
      "71": 0,
      "72": 0,
      "73": 0,
      "74": 0,
      "75": 0,
      "76": 0,
      "77": 0,
      "78": 0,
      "79": 0,
      "80": 0,
      "81": 0,
      "82": 0,
      "83": 0,
      "84": 0,
      "85": 0,
      "86": 0,
      "87": 0,
      "88": 0,
      "89": 0,
      "90": 0,
      "91": 0,
      "92": 0,
      "93": 0,
      "94": 0,
      "95": 0,
      "96": 0,
      "97": 0,
      "98": 0,
      "99": 0,
      "100": 0,
      "101": 0
    },
    "f": {
      "0": 0,
      "1": 0,
      "2": 0,
      "3": 0,
      "4": 0,
      "5": 0,
      "6": 0,
      "7": 0,
      "8": 0,
      "9": 0,
      "10": 0,
      "11": 0,
      "12": 0,
      "13": 0,
      "14": 0,
      "15": 0,
      "16": 0,
      "17": 0,
      "18": 0,
      "19": 0,
      "20": 0
    },
    "b": {
      "0": [
        0,
        0,
        0,
        0
      ],
      "1": [
        0,
        0,
        0
      ],
      "2": [
        0,
        0
      ],
      "3": [
        0,
        0
      ],
      "4": [
        0,
        0
      ],
      "5": [
        0,
        0
      ],
      "6": [
        0,
        0,
        0,
        0,
        0,
        0,
        0,
        0,
        0
      ],
      "7": [
        0,
        0
      ],
      "8": [
        0,
        0
      ],
      "9": [
        0,
        0
      ],
      "10": [
        0,
        0
      ],
      "11": [
        0,
        0
      ]
    },
    "_coverageSchema": "1a1c01bbd47fc00a2c39e90264f33305004495a9",
    "hash": "04a3d737afe4be377f1f7e7a9774c7c70cb431d9"
  },
  "D:\\github\\binar\\binar-final-challenge-frontend\\src\\pages\\login.js": {
    "path": "D:\\github\\binar\\binar-final-challenge-frontend\\src\\pages\\login.js",
    "statementMap": {
      "0": {
        "start": {
          "line": 39,
          "column": 14
        },
        "end": {
          "line": 261,
          "column": 1
        }
      },
      "1": {
        "start": {
          "line": 42,
          "column": 31
        },
        "end": {
          "line": 42,
          "column": 65
        }
      },
      "2": {
        "start": {
          "line": 42,
          "column": 52
        },
        "end": {
          "line": 42,
          "column": 64
        }
      },
      "3": {
        "start": {
          "line": 49,
          "column": 44
        },
        "end": {
          "line": 49,
          "column": 63
        }
      },
      "4": {
        "start": {
          "line": 52,
          "column": 30
        },
        "end": {
          "line": 52,
          "column": 42
        }
      },
      "5": {
        "start": {
          "line": 53,
          "column": 36
        },
        "end": {
          "line": 53,
          "column": 48
        }
      },
      "6": {
        "start": {
          "line": 60,
          "column": 21
        },
        "end": {
          "line": 60,
          "column": 34
        }
      },
      "7": {
        "start": {
          "line": 63,
          "column": 21
        },
        "end": {
          "line": 63,
          "column": 34
        }
      },
      "8": {
        "start": {
          "line": 69,
          "column": 21
        },
        "end": {
          "line": 69,
          "column": 34
        }
      },
      "9": {
        "start": {
          "line": 76,
          "column": 21
        },
        "end": {
          "line": 88,
          "column": 5
        }
      },
      "10": {
        "start": {
          "line": 77,
          "column": 30
        },
        "end": {
          "line": 77,
          "column": 45
        }
      },
      "11": {
        "start": {
          "line": 78,
          "column": 8
        },
        "end": {
          "line": 87,
          "column": 9
        }
      },
      "12": {
        "start": {
          "line": 80,
          "column": 16
        },
        "end": {
          "line": 80,
          "column": 31
        }
      },
      "13": {
        "start": {
          "line": 81,
          "column": 16
        },
        "end": {
          "line": 81,
          "column": 21
        }
      },
      "14": {
        "start": {
          "line": 83,
          "column": 16
        },
        "end": {
          "line": 83,
          "column": 34
        }
      },
      "15": {
        "start": {
          "line": 84,
          "column": 16
        },
        "end": {
          "line": 84,
          "column": 21
        }
      },
      "16": {
        "start": {
          "line": 86,
          "column": 16
        },
        "end": {
          "line": 86,
          "column": 21
        }
      },
      "17": {
        "start": {
          "line": 91,
          "column": 21
        },
        "end": {
          "line": 143,
          "column": 5
        }
      },
      "18": {
        "start": {
          "line": 92,
          "column": 8
        },
        "end": {
          "line": 92,
          "column": 26
        }
      },
      "19": {
        "start": {
          "line": 93,
          "column": 8
        },
        "end": {
          "line": 96,
          "column": 9
        }
      },
      "20": {
        "start": {
          "line": 94,
          "column": 12
        },
        "end": {
          "line": 94,
          "column": 37
        }
      },
      "21": {
        "start": {
          "line": 95,
          "column": 12
        },
        "end": {
          "line": 95,
          "column": 18
        }
      },
      "22": {
        "start": {
          "line": 98,
          "column": 8
        },
        "end": {
          "line": 101,
          "column": 9
        }
      },
      "23": {
        "start": {
          "line": 99,
          "column": 12
        },
        "end": {
          "line": 99,
          "column": 41
        }
      },
      "24": {
        "start": {
          "line": 100,
          "column": 12
        },
        "end": {
          "line": 100,
          "column": 18
        }
      },
      "25": {
        "start": {
          "line": 103,
          "column": 8
        },
        "end": {
          "line": 106,
          "column": 9
        }
      },
      "26": {
        "start": {
          "line": 104,
          "column": 12
        },
        "end": {
          "line": 104,
          "column": 40
        }
      },
      "27": {
        "start": {
          "line": 105,
          "column": 12
        },
        "end": {
          "line": 105,
          "column": 18
        }
      },
      "28": {
        "start": {
          "line": 108,
          "column": 8
        },
        "end": {
          "line": 142,
          "column": 9
        }
      },
      "29": {
        "start": {
          "line": 109,
          "column": 12
        },
        "end": {
          "line": 111,
          "column": 15
        }
      },
      "30": {
        "start": {
          "line": 113,
          "column": 12
        },
        "end": {
          "line": 116,
          "column": 24
        }
      },
      "31": {
        "start": {
          "line": 118,
          "column": 12
        },
        "end": {
          "line": 120,
          "column": 15
        }
      },
      "32": {
        "start": {
          "line": 122,
          "column": 12
        },
        "end": {
          "line": 126,
          "column": 14
        }
      },
      "33": {
        "start": {
          "line": 128,
          "column": 12
        },
        "end": {
          "line": 128,
          "column": 29
        }
      },
      "34": {
        "start": {
          "line": 129,
          "column": 26
        },
        "end": {
          "line": 129,
          "column": 49
        }
      },
      "35": {
        "start": {
          "line": 130,
          "column": 31
        },
        "end": {
          "line": 130,
          "column": 47
        }
      },
      "36": {
        "start": {
          "line": 131,
          "column": 12
        },
        "end": {
          "line": 141,
          "column": 13
        }
      },
      "37": {
        "start": {
          "line": 133,
          "column": 20
        },
        "end": {
          "line": 133,
          "column": 45
        }
      },
      "38": {
        "start": {
          "line": 134,
          "column": 20
        },
        "end": {
          "line": 134,
          "column": 25
        }
      },
      "39": {
        "start": {
          "line": 137,
          "column": 20
        },
        "end": {
          "line": 139,
          "column": 23
        }
      },
      "40": {
        "start": {
          "line": 140,
          "column": 20
        },
        "end": {
          "line": 140,
          "column": 25
        }
      },
      "41": {
        "start": {
          "line": 146,
          "column": 25
        },
        "end": {
          "line": 150,
          "column": 5
        }
      },
      "42": {
        "start": {
          "line": 147,
          "column": 8
        },
        "end": {
          "line": 149,
          "column": 11
        }
      },
      "43": {
        "start": {
          "line": 153,
          "column": 22
        },
        "end": {
          "line": 155,
          "column": 2
        }
      },
      "44": {
        "start": {
          "line": 154,
          "column": 2
        },
        "end": {
          "line": 154,
          "column": 21
        }
      },
      "45": {
        "start": {
          "line": 157,
          "column": 24
        },
        "end": {
          "line": 168,
          "column": 6
        }
      },
      "46": {
        "start": {
          "line": 159,
          "column": 12
        },
        "end": {
          "line": 159,
          "column": 38
        }
      },
      "47": {
        "start": {
          "line": 160,
          "column": 29
        },
        "end": {
          "line": 163,
          "column": 13
        }
      },
      "48": {
        "start": {
          "line": 165,
          "column": 12
        },
        "end": {
          "line": 165,
          "column": 34
        }
      },
      "49": {
        "start": {
          "line": 167,
          "column": 34
        },
        "end": {
          "line": 167,
          "column": 60
        }
      },
      "50": {
        "start": {
          "line": 175,
          "column": 4
        },
        "end": {
          "line": 181,
          "column": 61
        }
      },
      "51": {
        "start": {
          "line": 176,
          "column": 8
        },
        "end": {
          "line": 178,
          "column": 11
        }
      },
      "52": {
        "start": {
          "line": 180,
          "column": 8
        },
        "end": {
          "line": 180,
          "column": 72
        }
      },
      "53": {
        "start": {
          "line": 184,
          "column": 4
        },
        "end": {
          "line": 260,
          "column": 6
        }
      }
    },
    "fnMap": {
      "0": {
        "name": "(anonymous_0)",
        "decl": {
          "start": {
            "line": 39,
            "column": 14
          },
          "end": {
            "line": 39,
            "column": 15
          }
        },
        "loc": {
          "start": {
            "line": 39,
            "column": 20
          },
          "end": {
            "line": 261,
            "column": 1
          }
        },
        "line": 39
      },
      "1": {
        "name": "(anonymous_1)",
        "decl": {
          "start": {
            "line": 42,
            "column": 43
          },
          "end": {
            "line": 42,
            "column": 44
          }
        },
        "loc": {
          "start": {
            "line": 42,
            "column": 52
          },
          "end": {
            "line": 42,
            "column": 64
          }
        },
        "line": 42
      },
      "2": {
        "name": "(anonymous_2)",
        "decl": {
          "start": {
            "line": 76,
            "column": 21
          },
          "end": {
            "line": 76,
            "column": 22
          }
        },
        "loc": {
          "start": {
            "line": 76,
            "column": 28
          },
          "end": {
            "line": 88,
            "column": 5
          }
        },
        "line": 76
      },
      "3": {
        "name": "(anonymous_3)",
        "decl": {
          "start": {
            "line": 91,
            "column": 21
          },
          "end": {
            "line": 91,
            "column": 22
          }
        },
        "loc": {
          "start": {
            "line": 91,
            "column": 34
          },
          "end": {
            "line": 143,
            "column": 5
          }
        },
        "line": 91
      },
      "4": {
        "name": "(anonymous_4)",
        "decl": {
          "start": {
            "line": 146,
            "column": 25
          },
          "end": {
            "line": 146,
            "column": 26
          }
        },
        "loc": {
          "start": {
            "line": 146,
            "column": 31
          },
          "end": {
            "line": 150,
            "column": 5
          }
        },
        "line": 146
      },
      "5": {
        "name": "(anonymous_5)",
        "decl": {
          "start": {
            "line": 153,
            "column": 22
          },
          "end": {
            "line": 153,
            "column": 23
          }
        },
        "loc": {
          "start": {
            "line": 153,
            "column": 28
          },
          "end": {
            "line": 155,
            "column": 2
          }
        },
        "line": 153
      },
      "6": {
        "name": "(anonymous_6)",
        "decl": {
          "start": {
            "line": 158,
            "column": 19
          },
          "end": {
            "line": 158,
            "column": 20
          }
        },
        "loc": {
          "start": {
            "line": 158,
            "column": 44
          },
          "end": {
            "line": 166,
            "column": 9
          }
        },
        "line": 158
      },
      "7": {
        "name": "(anonymous_7)",
        "decl": {
          "start": {
            "line": 167,
            "column": 17
          },
          "end": {
            "line": 167,
            "column": 18
          }
        },
        "loc": {
          "start": {
            "line": 167,
            "column": 34
          },
          "end": {
            "line": 167,
            "column": 60
          }
        },
        "line": 167
      },
      "8": {
        "name": "(anonymous_8)",
        "decl": {
          "start": {
            "line": 175,
            "column": 14
          },
          "end": {
            "line": 175,
            "column": 15
          }
        },
        "loc": {
          "start": {
            "line": 175,
            "column": 20
          },
          "end": {
            "line": 181,
            "column": 2
          }
        },
        "line": 175
      }
    },
    "branchMap": {
      "0": {
        "loc": {
          "start": {
            "line": 78,
            "column": 8
          },
          "end": {
            "line": 87,
            "column": 9
          }
        },
        "type": "switch",
        "locations": [
          {
            "start": {
              "line": 79,
              "column": 12
            },
            "end": {
              "line": 81,
              "column": 21
            }
          },
          {
            "start": {
              "line": 82,
              "column": 12
            },
            "end": {
              "line": 84,
              "column": 21
            }
          },
          {
            "start": {
              "line": 85,
              "column": 12
            },
            "end": {
              "line": 86,
              "column": 21
            }
          }
        ],
        "line": 78
      },
      "1": {
        "loc": {
          "start": {
            "line": 93,
            "column": 8
          },
          "end": {
            "line": 96,
            "column": 9
          }
        },
        "type": "if",
        "locations": [
          {
            "start": {
              "line": 93,
              "column": 8
            },
            "end": {
              "line": 96,
              "column": 9
            }
          },
          {
            "start": {
              "line": 93,
              "column": 8
            },
            "end": {
              "line": 96,
              "column": 9
            }
          }
        ],
        "line": 93
      },
      "2": {
        "loc": {
          "start": {
            "line": 98,
            "column": 8
          },
          "end": {
            "line": 101,
            "column": 9
          }
        },
        "type": "if",
        "locations": [
          {
            "start": {
              "line": 98,
              "column": 8
            },
            "end": {
              "line": 101,
              "column": 9
            }
          },
          {
            "start": {
              "line": 98,
              "column": 8
            },
            "end": {
              "line": 101,
              "column": 9
            }
          }
        ],
        "line": 98
      },
      "3": {
        "loc": {
          "start": {
            "line": 103,
            "column": 8
          },
          "end": {
            "line": 106,
            "column": 9
          }
        },
        "type": "if",
        "locations": [
          {
            "start": {
              "line": 103,
              "column": 8
            },
            "end": {
              "line": 106,
              "column": 9
            }
          },
          {
            "start": {
              "line": 103,
              "column": 8
            },
            "end": {
              "line": 106,
              "column": 9
            }
          }
        ],
        "line": 103
      },
      "4": {
        "loc": {
          "start": {
            "line": 131,
            "column": 12
          },
[...]
            "end": {
              "line": 87,
              "column": 9
            }
          }
        ],
        "line": 85
      },
      "1": {
        "loc": {
          "start": {
            "line": 117,
            "column": 12
          },
          "end": {
            "line": 135,
            "column": 13
          }
        },
        "type": "switch",
        "locations": [
          {
            "start": {
              "line": 118,
              "column": 16
            },
            "end": {
              "line": 120,
              "column": 25
            }
          },
          {
            "start": {
              "line": 122,
              "column": 16
            },
            "end": {
              "line": 124,
              "column": 25
            }
          },
          {
            "start": {
              "line": 126,
              "column": 16
            },
            "end": {
              "line": 128,
              "column": 25
            }
          },
          {
            "start": {
              "line": 130,
              "column": 16
            },
            "end": {
              "line": 134,
              "column": 25
            }
          }
        ],
        "line": 117
      },
      "2": {
        "loc": {
          "start": {
            "line": 142,
            "column": 8
          },
          "end": {
            "line": 144,
            "column": 9
          }
        },
        "type": "if",
        "locations": [
          {
            "start": {
              "line": 142,
              "column": 8
            },
            "end": {
              "line": 144,
              "column": 9
            }
          },
          {
            "start": {
              "line": 142,
              "column": 8
            },
            "end": {
              "line": 144,
              "column": 9
            }
          }
        ],
        "line": 142
      },
      "3": {
        "loc": {
          "start": {
            "line": 175,
            "column": 12
          },
          "end": {
            "line": 193,
            "column": 13
          }
        },
        "type": "switch",
        "locations": [
          {
            "start": {
              "line": 176,
              "column": 16
            },
            "end": {
              "line": 178,
              "column": 25
            }
          },
          {
            "start": {
              "line": 180,
              "column": 16
            },
            "end": {
              "line": 182,
              "column": 25
            }
          },
          {
            "start": {
              "line": 184,
              "column": 16
            },
            "end": {
              "line": 186,
              "column": 25
            }
          },
          {
            "start": {
              "line": 188,
              "column": 16
            },
            "end": {
              "line": 192,
              "column": 25
            }
          }
        ],
        "line": 175
      },
      "4": {
        "loc": {
          "start": {
            "line": 200,
            "column": 8
          },
          "end": {
            "line": 202,
            "column": 9
          }
        },
        "type": "if",
        "locations": [
          {
            "start": {
              "line": 200,
              "column": 8
            },
            "end": {
              "line": 202,
              "column": 9
            }
          },
          {
            "start": {
              "line": 200,
              "column": 8
            },
            "end": {
              "line": 202,
              "column": 9
            }
          }
        ],
        "line": 200
      },
      "5": {
        "loc": {
          "start": {
            "line": 215,
            "column": 12
          },
          "end": {
            "line": 224,
            "column": 13
          }
        },
        "type": "if",
        "locations": [
          {
            "start": {
              "line": 215,
              "column": 12
            },
            "end": {
              "line": 224,
              "column": 13
            }
          },
          {
            "start": {
              "line": 215,
              "column": 12
            },
            "end": {
              "line": 224,
              "column": 13
            }
          }
        ],
        "line": 215
      },
      "6": {
        "loc": {
          "start": {
            "line": 240,
            "column": 12
          },
          "end": {
            "line": 258,
            "column": 13
          }
        },
        "type": "switch",
        "locations": [
          {
            "start": {
              "line": 241,
              "column": 16
            },
            "end": {
              "line": 243,
              "column": 25
            }
          },
          {
            "start": {
              "line": 245,
              "column": 16
            },
            "end": {
              "line": 247,
              "column": 25
            }
          },
          {
            "start": {
              "line": 249,
              "column": 16
            },
            "end": {
              "line": 251,
              "column": 25
            }
          },
          {
            "start": {
              "line": 253,
              "column": 16
            },
            "end": {
              "line": 257,
              "column": 25
            }
          }
        ],
        "line": 240
      },
      "7": {
        "loc": {
          "start": {
            "line": 313,
            "column": 16
          },
          "end": {
            "line": 331,
            "column": 17
          }
        },
        "type": "switch",
        "locations": [
          {
            "start": {
              "line": 314,
              "column": 20
            },
            "end": {
              "line": 316,
              "column": 29
            }
          },
          {
            "start": {
              "line": 318,
              "column": 20
            },
            "end": {
              "line": 320,
              "column": 29
            }
          },
          {
            "start": {
              "line": 322,
              "column": 20
            },
            "end": {
              "line": 324,
              "column": 29
            }
          },
          {
            "start": {
              "line": 326,
              "column": 20
            },
            "end": {
              "line": 330,
              "column": 29
            }
          }
        ],
        "line": 313
      },
      "8": {
        "loc": {
          "start": {
            "line": 364,
            "column": 38
          },
          "end": {
            "line": 364,
            "column": 83
          }
        },
        "type": "cond-expr",
        "locations": [
          {
            "start": {
              "line": 364,
              "column": 55
            },
            "end": {
              "line": 364,
              "column": 78
            }
          },
          {
            "start": {
              "line": 364,
              "column": 81
            },
            "end": {
              "line": 364,
              "column": 83
            }
          }
        ],
        "line": 364
      },
      "9": {
        "loc": {
          "start": {
            "line": 365,
            "column": 40
          },
          "end": {
            "line": 365,
            "column": 72
          }
        },
        "type": "cond-expr",
        "locations": [
          {
            "start": {
              "line": 365,
              "column": 55
            },
            "end": {
              "line": 365,
              "column": 67
            }
          },
          {
            "start": {
              "line": 365,
              "column": 70
            },
            "end": {
              "line": 365,
              "column": 72
            }
          }
        ],
        "line": 365
      },
      "10": {
        "loc": {
          "start": {
            "line": 366,
            "column": 40
          },
          "end": {
            "line": 366,
            "column": 93
          }
        },
        "type": "cond-expr",
        "locations": [
          {
            "start": {
              "line": 366,
              "column": 59
            },
            "end": {
              "line": 366,
              "column": 88
            }
          },
          {
            "start": {
              "line": 366,
              "column": 91
            },
            "end": {
              "line": 366,
              "column": 93
            }
          }
        ],
        "line": 366
      },
      "11": {
        "loc": {
          "start": {
            "line": 371,
            "column": 20
          },
          "end": {
            "line": 422,
            "column": 21
          }
        },
        "type": "cond-expr",
        "locations": [
          {
            "start": {
              "line": 372,
              "column": 24
            },
            "end": {
              "line": 417,
              "column": 25
            }
          },
          {
            "start": {
              "line": 419,
              "column": 24
            },
            "end": {
              "line": 421,
              "column": 27
            }
          }
        ],
        "line": 371
      },
      "12": {
        "loc": {
          "start": {
            "line": 372,
            "column": 24
          },
          "end": {
            "line": 417,
            "column": 25
          }
        },
        "type": "cond-expr",
        "locations": [
          {
            "start": {
              "line": 373,
              "column": 28
            },
            "end": {
              "line": 413,
              "column": 30
            }
          },
          {
            "start": {
              "line": 416,
              "column": 28
            },
            "end": {
              "line": 416,
              "column": 33
            }
          }
        ],
        "line": 372
      },
      "13": {
        "loc": {
          "start": {
            "line": 386,
            "column": 48
          },
          "end": {
            "line": 407,
            "column": 49
          }
        },
        "type": "cond-expr",
        "locations": [
          {
            "start": {
              "line": 387,
              "column": 52
            },
            "end": {
              "line": 404,
              "column": 55
            }
          },
          {
            "start": {
              "line": 406,
              "column": 52
            },
            "end": {
              "line": 406,
              "column": 87
            }
          }
        ],
        "line": 386
      },
      "14": {
        "loc": {
          "start": {
            "line": 386,
            "column": 48
          },
          "end": {
            "line": 386,
            "column": 116
          }
        },
        "type": "binary-expr",
        "locations": [
          {
            "start": {
              "line": 386,
              "column": 48
            },
            "end": {
              "line": 386,
              "column": 72
            }
          },
          {
            "start": {
              "line": 386,
              "column": 76
            },
            "end": {
              "line": 386,
              "column": 116
            }
          }
        ],
        "line": 386
      },
      "15": {
        "loc": {
          "start": {
            "line": 388,
            "column": 80
          },
          "end": {
            "line": 388,
            "column": 125
          }
        },
        "type": "cond-expr",
        "locations": [
          {
            "start": {
              "line": 388,
              "column": 107
            },
            "end": {
              "line": 388,
              "column": 114
            }
          },
          {
            "start": {
              "line": 388,
              "column": 117
            },
            "end": {
              "line": 388,
              "column": 125
            }
          }
        ],
        "line": 388
      },
      "16": {
        "loc": {
          "start": {
            "line": 392,
            "column": 85
          },
          "end": {
            "line": 394,
            "column": 112
          }
        },
        "type": "cond-expr",
        "locations": [
          {
            "start": {
              "line": 393,
              "column": 78
            },
            "end": {
              "line": 393,
              "column": 106
            }
          },
          {
            "start": {
              "line": 394,
              "column": 78
            },
            "end": {
              "line": 394,
              "column": 112
            }
          }
        ],
        "line": 392
      },
      "17": {
        "loc": {
          "start": {
            "line": 396,
            "column": 76
          },
          "end": {
            "line": 396,
            "column": 129
          }
        },
        "type": "cond-expr",
        "locations": [
          {
            "start": {
              "line": 396,
              "column": 103
            },
            "end": {
              "line": 396,
              "column": 111
            }
          },
          {
            "start": {
              "line": 396,
              "column": 114
            },
            "end": {
              "line": 396,
              "column": 129
            }
          }
        ],
        "line": 396
      },
      "18": {
        "loc": {
          "start": {
            "line": 400,
            "column": 85
          },
          "end": {
            "line": 402,
            "column": 110
          }
        },
        "type": "cond-expr",
        "locations": [
          {
            "start": {
              "line": 401,
              "column": 78
            },
            "end": {
              "line": 401,
              "column": 106
            }
          },
          {
            "start": {
              "line": 402,
              "column": 78
            },
            "end": {
              "line": 402,
              "column": 110
            }
          }
        ],
        "line": 400
      },
      "19": {
        "loc": {
          "start": {
            "line": 460,
            "column": 46
          },
          "end": {
            "line": 460,
            "column": 91
          }
        },
        "type": "cond-expr",
        "locations": [
          {
            "start": {
              "line": 460,
              "column": 63
            },
            "end": {
              "line": 460,
              "column": 86
            }
          },
          {
            "start": {
              "line": 460,
              "column": 89
            },
            "end": {
              "line": 460,
              "column": 91
            }
          }
        ],
        "line": 460
      }
    },
    "s": {
      "0": 1,
      "1": 0,
      "2": 0,
      "3": 0,
      "4": 0,
      "5": 0,
      "6": 0,
      "7": 0,
      "8": 0,
      "9": 0,
      "10": 0,
      "11": 0,
      "12": 0,
      "13": 0,
      "14": 0,
      "15": 0,
      "16": 0,
      "17": 0,
      "18": 0,
      "19": 0,
      "20": 0,
      "21": 0,
      "22": 0,
      "23": 0,
      "24": 0,
      "25": 0,
      "26": 0,
      "27": 0,
      "28": 0,
      "29": 0,
      "30": 0,
      "31": 0,
      "32": 0,
      "33": 0,
      "34": 0,
      "35": 0,
      "36": 0,
      "37": 0,
      "38": 0,
      "39": 0,
      "40": 0,
      "41": 0,
      "42": 0,
      "43": 0,
      "44": 0,
      "45": 0,
      "46": 0,
      "47": 0,
      "48": 0,
      "49": 0,
      "50": 0,
      "51": 0,
      "52": 0,
      "53": 0,
      "54": 0,
      "55": 0,
      "56": 0,
      "57": 0,
      "58": 0,
      "59": 0,
      "60": 0,
      "61": 0,
      "62": 0,
      "63": 0,
      "64": 0,
      "65": 0,
      "66": 0,
      "67": 0,
      "68": 0,
      "69": 0,
      "70": 0,
      "71": 0,
      "72": 0,
      "73": 0,
      "74": 0,
      "75": 0,
      "76": 0,
      "77": 0,
      "78": 0,
      "79": 0,
      "80": 0,
      "81": 0,
      "82": 0,
      "83": 0,
      "84": 0,
      "85": 0,
      "86": 0,
      "87": 0,
      "88": 0,
      "89": 0,
      "90": 0,
      "91": 0,
      "92": 0,
      "93": 0,
      "94": 0,
      "95": 0,
      "96": 0,
      "97": 0,
      "98": 0,
      "99": 0,
      "100": 0,
      "101": 0,
      "102": 0,
      "103": 0,
      "104": 0,
      "105": 0,
      "106": 0,
      "107": 0,
      "108": 0,
      "109": 0,
      "110": 0,
      "111": 0,
      "112": 0,
      "113": 0,
      "114": 0,
      "115": 0,
      "116": 0,
      "117": 0,
      "118": 0,
      "119": 0,
      "120": 0,
      "121": 0,
      "122": 0,
      "123": 0,
      "124": 0,
      "125": 0,
      "126": 0,
      "127": 0,
      "128": 0,
      "129": 0,
      "130": 0,
      "131": 0,
      "132": 0
    },
    "f": {
      "0": 0,
      "1": 0,
      "2": 0,
      "3": 0,
      "4": 0,
      "5": 0,
      "6": 0,
      "7": 0,
      "8": 0,
      "9": 0,
      "10": 0,
      "11": 0,
      "12": 0,
      "13": 0,
      "14": 0,
      "15": 0,
      "16": 0,
      "17": 0,
      "18": 0,
      "19": 0,
      "20": 0,
      "21": 0,
      "22": 0
    },
    "b": {
      "0": [
        0,
        0
      ],
      "1": [
        0,
        0,
        0,
        0
      ],
      "2": [
        0,
        0
      ],
      "3": [
        0,
        0,
        0,
        0
      ],
      "4": [
        0,
        0
      ],
      "5": [
        0,
        0
      ],
      "6": [
        0,
        0,
        0,
        0
      ],
      "7": [
        0,
        0,
        0,
        0
      ],
      "8": [
        0,
        0
      ],
      "9": [
        0,
        0
      ],
      "10": [
        0,
        0
      ],
      "11": [
        0,
        0
      ],
      "12": [
        0,
        0
      ],
      "13": [
        0,
        0
      ],
      "14": [
        0,
        0
      ],
      "15": [
        0,
        0
      ],
      "16": [
        0,
        0
      ],
      "17": [
        0,
        0
      ],
      "18": [
        0,
        0
      ],
      "19": [
        0,
        0
      ]
    },
    "_coverageSchema": "1a1c01bbd47fc00a2c39e90264f33305004495a9",
    "hash": "f3248cdfe93da6dce2bc2db497cf09dabcef488e"
  },
  "D:\\github\\binar\\binar-final-challenge-frontend\\src\\pages\\errors\\404.js": {
    "path": "D:\\github\\binar\\binar-final-challenge-frontend\\src\\pages\\errors\\404.js",
    "statementMap": {
      "0": {
        "start": {
          "line": 5,
          "column": 17
        },
        "end": {
          "line": 17,
          "column": 1
        }
      },
      "1": {
        "start": {
          "line": 6,
          "column": 4
        },
        "end": {
          "line": 16,
          "column": 5
        }
      }
    },
    "fnMap": {
      "0": {
        "name": "(anonymous_0)",
        "decl": {
          "start": {
            "line": 5,
            "column": 17
          },
          "end": {
            "line": 5,
            "column": 18
          }
        },
        "loc": {
          "start": {
            "line": 5,
            "column": 23
          },
          "end": {
            "line": 17,
            "column": 1
          }
        },
        "line": 5
      }
    },
    "branchMap": {},
    "s": {
      "0": 1,
      "1": 0
    },
    "f": {
      "0": 0
    },
    "b": {},
    "_coverageSchema": "1a1c01bbd47fc00a2c39e90264f33305004495a9",
    "hash": "e95338d26415fb632791052f20d06c328c5d5258"
  }
}