{
  "D:\\github\\binar\\binar-final-challenge-frontend\\src\\config\\api.js": {
    "path": "D:\\github\\binar\\binar-final-challenge-frontend\\src\\config\\api.js",
    "statementMap": {
      "0": {
        "start": {
          "line": 3,
          "column": 12
        },
        "end": {
          "line": 5,
          "column": 2
        }
      }
    },
    "fnMap": {},
    "branchMap": {},
    "s": {
      "0": 5
    },
    "f": {},
    "b": {},
    "_coverageSchema": "1a1c01bbd47fc00a2c39e90264f33305004495a9",
    "hash": "08ccdaeb993cad244aab8d7f2c42715372ec0063"
  },
  "D:\\github\\binar\\binar-final-challenge-frontend\\src\\config\\auth-header.js": {
    "path": "D:\\github\\binar\\binar-final-challenge-frontend\\src\\config\\auth-header.js",
    "statementMap": {
      "0": {
        "start": {
          "line": 1,
          "column": 26
        },
        "end": {
          "line": 18,
          "column": 1
        }
      },
      "1": {
        "start": {
          "line": 2,
          "column": 28
        },
        "end": {
          "line": 2,
          "column": 73
        }
      },
      "2": {
        "start": {
          "line": 3,
          "column": 18
        },
        "end": {
          "line": 3,
          "column": 35
        }
      },
      "3": {
        "start": {
          "line": 5,
          "column": 20
        },
        "end": {
          "line": 7,
          "column": 5
        }
      },
      "4": {
        "start": {
          "line": 9,
          "column": 4
        },
        "end": {
          "line": 11,
          "column": 5
        }
      },
      "5": {
        "start": {
          "line": 10,
          "column": 8
        },
        "end": {
          "line": 10,
          "column": 63
        }
      },
      "6": {
        "start": {
          "line": 13,
          "column": 4
        },
        "end": {
          "line": 15,
          "column": 5
        }
      },
      "7": {
        "start": {
          "line": 14,
          "column": 8
        },
        "end": {
          "line": 14,
          "column": 56
        }
      },
      "8": {
        "start": {
          "line": 17,
          "column": 4
        },
        "end": {
          "line": 17,
          "column": 18
        }
      }
    },
    "fnMap": {
      "0": {
        "name": "(anonymous_0)",
        "decl": {
          "start": {
            "line": 1,
            "column": 26
          },
          "end": {
            "line": 1,
            "column": 27
          }
        },
        "loc": {
          "start": {
            "line": 1,
            "column": 43
          },
          "end": {
            "line": 18,
            "column": 1
          }
        },
        "line": 1
      }
    },
    "branchMap": {
      "0": {
        "loc": {
          "start": {
            "line": 9,
            "column": 4
          },
          "end": {
            "line": 11,
            "column": 5
          }
        },
        "type": "if",
        "locations": [
          {
            "start": {
              "line": 9,
              "column": 4
            },
            "end": {
              "line": 11,
              "column": 5
            }
          },
          {
            "start": {
              "line": 9,
              "column": 4
            },
            "end": {
              "line": 11,
              "column": 5
            }
          }
        ],
        "line": 9
      },
      "1": {
        "loc": {
          "start": {
            "line": 13,
            "column": 4
          },
          "end": {
            "line": 15,
            "column": 5
          }
        },
        "type": "if",
        "locations": [
          {
            "start": {
              "line": 13,
              "column": 4
            },
            "end": {
              "line": 15,
              "column": 5
            }
          },
          {
            "start": {
              "line": 13,
              "column": 4
            },
            "end": {
              "line": 15,
              "column": 5
            }
          }
        ],
        "line": 13
      }
    },
    "s": {
      "0": 5,
      "1": 4,
      "2": 4,
      "3": 4,
      "4": 4,
      "5": 4,
      "6": 4,
      "7": 0,
      "8": 4
    },
    "f": {
      "0": 4
    },
    "b": {
      "0": [
        4,
        0
      ],
      "1": [
        0,
        4
      ]
    },
    "_coverageSchema": "1a1c01bbd47fc00a2c39e90264f33305004495a9",
    "hash": "6ba1ed5da2dfcece62b1c5e1d0d175ff9c554b52"
  },
  "D:\\github\\binar\\binar-final-challenge-frontend\\src\\services\\user.js": {
    "path": "D:\\github\\binar\\binar-final-challenge-frontend\\src\\services\\user.js",
    "statementMap": {
      "0": {
        "start": {
          "line": 6,
          "column": 30
        },
        "end": {
          "line": 22,
          "column": 1
        }
      },
      "1": {
        "start": {
          "line": 9,
          "column": 8
        },
        "end": {
          "line": 20,
          "column": 9
        }
      },
      "2": {
        "start": {
          "line": 10,
          "column": 29
        },
        "end": {
          "line": 13,
          "column": 13
        }
      },
      "3": {
        "start": {
          "line": 15,
          "column": 25
        },
        "end": {
          "line": 15,
          "column": 38
        }
      },
      "4": {
        "start": {
          "line": 16,
          "column": 12
        },
        "end": {
          "line": 16,
          "column": 23
        }
      },
      "5": {
        "start": {
          "line": 18,
          "column": 33
        },
        "end": {
          "line": 18,
          "column": 50
        }
      },
      "6": {
        "start": {
          "line": 19,
          "column": 12
        },
        "end": {
          "line": 19,
          "column": 57
        }
      },
      "7": {
        "start": {
          "line": 24,
          "column": 26
        },
        "end": {
          "line": 62,
          "column": 1
        }
      },
      "8": {
        "start": {
          "line": 27,
          "column": 8
        },
        "end": {
          "line": 60,
          "column": 9
        }
      },
      "9": {
        "start": {
          "line": 28,
          "column": 58
        },
        "end": {
          "line": 28,
          "column": 65
        }
      },
      "10": {
        "start": {
          "line": 29,
          "column": 12
        },
        "end": {
          "line": 29,
          "column": 32
        }
      },
      "11": {
        "start": {
          "line": 31,
          "column": 32
        },
        "end": {
          "line": 36,
          "column": 13
        }
      },
      "12": {
        "start": {
          "line": 38,
          "column": 35
        },
        "end": {
          "line": 42,
          "column": 13
        }
      },
      "13": {
        "start": {
          "line": 44,
          "column": 12
        },
        "end": {
          "line": 53,
          "column": 13
        }
      },
      "14": {
        "start": {
          "line": 45,
          "column": 33
        },
        "end": {
          "line": 45,
          "column": 47
        }
      },
      "15": {
        "start": {
          "line": 46,
          "column": 16
        },
        "end": {
          "line": 46,
          "column": 46
        }
      },
      "16": {
        "start": {
          "line": 48,
          "column": 16
        },
        "end": {
          "line": 52,
          "column": 17
        }
      },
      "17": {
        "start": {
          "line": 55,
          "column": 25
        },
        "end": {
          "line": 55,
          "column": 44
        }
      },
      "18": {
        "start": {
          "line": 56,
          "column": 12
        },
        "end": {
          "line": 56,
          "column": 23
        }
      },
      "19": {
        "start": {
          "line": 58,
          "column": 33
        },
        "end": {
          "line": 58,
          "column": 50
        }
      },
      "20": {
        "start": {
          "line": 59,
          "column": 12
        },
        "end": {
          "line": 59,
          "column": 57
        }
      },
      "21": {
        "start": {
          "line": 64,
          "column": 21
        },
        "end": {
          "line": 81,
          "column": 1
        }
      },
      "22": {
        "start": {
          "line": 67,
          "column": 8
        },
        "end": {
          "line": 67,
          "column": 28
        }
      },
      "23": {
        "start": {
          "line": 68,
          "column": 8
        },
        "end": {
          "line": 79,
          "column": 9
        }
      },
      "24": {
        "start": {
          "line": 70,
          "column": 29
        },
        "end": {
          "line": 73,
          "column": 13
        }
      },
      "25": {
        "start": {
          "line": 74,
          "column": 25
        },
        "end": {
          "line": 74,
          "column": 38
        }
      },
      "26": {
        "start": {
          "line": 75,
          "column": 12
        },
        "end": {
          "line": 75,
          "column": 23
        }
      },
      "27": {
        "start": {
          "line": 77,
          "column": 33
        },
        "end": {
          "line": 77,
          "column": 50
        }
      },
      "28": {
        "start": {
          "line": 78,
          "column": 12
        },
        "end": {
          "line": 78,
          "column": 57
        }
      },
      "29": {
        "start": {
          "line": 83,
          "column": 24
        },
        "end": {
          "line": 99,
          "column": 1
        }
      },
      "30": {
        "start": {
          "line": 86,
          "column": 8
        },
        "end": {
          "line": 97,
          "column": 9
        }
      },
      "31": {
        "start": {
          "line": 87,
          "column": 12
        },
        "end": {
          "line": 87,
          "column": 32
        }
      },
      "32": {
        "start": {
          "line": 88,
          "column": 29
        },
        "end": {
          "line": 91,
          "column": 13
        }
      },
      "33": {
        "start": {
          "line": 92,
          "column": 25
        },
        "end": {
          "line": 92,
          "column": 38
        }
      },
      "34": {
        "start": {
          "line": 93,
          "column": 12
        },
        "end": {
          "line": 93,
          "column": 23
        }
      },
      "35": {
        "start": {
          "line": 95,
          "column": 33
        },
        "end": {
          "line": 95,
          "column": 50
        }
      },
      "36": {
        "start": {
          "line": 96,
          "column": 12
        },
        "end": {
          "line": 96,
          "column": 57
        }
      }
    },
    "fnMap": {
      "0": {
        "name": "(anonymous_0)",
        "decl": {
          "start": {
            "line": 8,
            "column": 4
          },
          "end": {
            "line": 8,
            "column": 5
          }
        },
        "loc": {
          "start": {
            "line": 8,
            "column": 16
          },
          "end": {
            "line": 21,
            "column": 5
          }
        },
        "line": 8
      },
      "1": {
        "name": "(anonymous_1)",
        "decl": {
          "start": {
            "line": 26,
            "column": 4
          },
          "end": {
            "line": 26,
            "column": 5
          }
        },
        "loc": {
          "start": {
            "line": 26,
            "column": 23
          },
          "end": {
            "line": 61,
            "column": 5
          }
        },
        "line": 26
      },
      "2": {
        "name": "(anonymous_2)",
        "decl": {
          "start": {
            "line": 66,
            "column": 4
          },
          "end": {
            "line": 66,
            "column": 5
          }
        },
        "loc": {
          "start": {
            "line": 66,
            "column": 23
          },
          "end": {
            "line": 80,
            "column": 5
          }
        },
        "line": 66
      },
      "3": {
        "name": "(anonymous_3)",
        "decl": {
          "start": {
            "line": 85,
            "column": 4
          },
          "end": {
            "line": 85,
            "column": 5
          }
        },
        "loc": {
          "start": {
            "line": 85,
            "column": 23
          },
          "end": {
            "line": 98,
            "column": 5
          }
        },
        "line": 85
      }
    },
    "branchMap": {
      "0": {
        "loc": {
          "start": {
            "line": 44,
            "column": 12
          },
          "end": {
            "line": 53,
            "column": 13
          }
        },
        "type": "if",
        "locations": [
          {
            "start": {
              "line": 44,
              "column": 12
            },
            "end": {
              "line": 53,
              "column": 13
            }
          },
          {
            "start": {
              "line": 44,
              "column": 12
            },
            "end": {
              "line": 53,
              "column": 13
            }
          }
        ],
        "line": 44
      }
    },
    "s": {
      "0": 5,
      "1": 0,
      "2": 0,
      "3": 0,
      "4": 0,
      "5": 0,
      "6": 0,
      "7": 5,
      "8": 0,
      "9": 0,
      "10": 0,
      "11": 0,
      "12": 0,
      "13": 0,
      "14": 0,
      "15": 0,
      "16": 0,
      "17": 0,
      "18": 0,
      "19": 0,
      "20": 0,
      "21": 5,
      "22": 3,
      "23": 3,
      "24": 3,
      "25": 2,
      "26": 2,
      "27": 1,
      "28": 1,
      "29": 5,
      "30": 0,
      "31": 0,
      "32": 0,
      "33": 0,
      "34": 0,
      "35": 0,
      "36": 0
    },
    "f": {
      "0": 0,
      "1": 0,
      "2": 3,
      "3": 0
    },
    "b": {
      "0": [
        0,
        0
      ]
    },
    "_coverageSchema": "1a1c01bbd47fc00a2c39e90264f33305004495a9",
    "hash": "85acfe98ebfce2d84959efaaa721ab30d209c950"
  },
  "D:\\github\\binar\\binar-final-challenge-frontend\\src\\store\\status.js": {
    "path": "D:\\github\\binar\\binar-final-challenge-frontend\\src\\store\\status.js",
    "statementMap": {
      "0": {
        "start": {
          "line": 5,
          "column": 21
        },
        "end": {
          "line": 8,
          "column": 1
        }
      },
      "1": {
        "start": {
          "line": 10,
          "column": 26
        },
        "end": {
          "line": 10,
          "column": 73
        }
      },
      "2": {
        "start": {
          "line": 12,
          "column": 21
        },
        "end": {
          "line": 14,
          "column": 34
        }
      },
      "3": {
        "start": {
          "line": 16,
          "column": 20
        },
        "end": {
          "line": 31,
          "column": 2
        }
      },
      "4": {
        "start": {
          "line": 21,
          "column": 12
        },
        "end": {
          "line": 21,
          "column": 49
        }
      },
      "5": {
        "start": {
          "line": 22,
          "column": 12
        },
        "end": {
          "line": 22,
          "column": 70
        }
      },
      "6": {
        "start": {
          "line": 26,
          "column": 12
        },
        "end": {
          "line": 26,
          "column": 33
        }
      },
      "7": {
        "start": {
          "line": 27,
          "column": 12
        },
        "end": {
          "line": 27,
          "column": 48
        }
      },
      "8": {
        "start": {
          "line": 28,
          "column": 12
        },
        "end": {
          "line": 28,
          "column": 70
        }
      },
      "9": {
        "start": {
          "line": 35,
          "column": 29
        },
        "end": {
          "line": 35,
          "column": 48
        }
      }
    },
    "fnMap": {
      "0": {
        "name": "(anonymous_0)",
        "decl": {
          "start": {
            "line": 20,
            "column": 20
          },
          "end": {
            "line": 20,
            "column": 21
          }
        },
        "loc": {
          "start": {
            "line": 20,
            "column": 39
          },
          "end": {
            "line": 23,
            "column": 9
          }
        },
        "line": 20
      },
      "1": {
        "name": "(anonymous_1)",
        "decl": {
          "start": {
            "line": 25,
            "column": 18
          },
          "end": {
            "line": 25,
            "column": 19
          }
        },
        "loc": {
          "start": {
            "line": 25,
            "column": 37
          },
          "end": {
            "line": 29,
            "column": 9
          }
        },
        "line": 25
      }
    },
    "branchMap": {
      "0": {
        "loc": {
          "start": {
            "line": 12,
            "column": 21
          },
          "end": {
            "line": 14,
            "column": 34
          }
        },
        "type": "cond-expr",
        "locations": [
          {
            "start": {
              "line": 13,
              "column": 22
            },
            "end": {
              "line": 13,
              "column": 39
            }
          },
          {
            "start": {
              "line": 14,
              "column": 22
            },
            "end": {
              "line": 14,
              "column": 34
            }
          }
        ],
        "line": 12
      }
    },
    "s": {
      "0": 5,
      "1": 5,
      "2": 5,
      "3": 5,
      "4": 19,
      "5": 19,
      "6": 20,
      "7": 20,
      "8": 20,
      "9": 5
    },
    "f": {
      "0": 19,
      "1": 20
    },
    "b": {
      "0": [
        0,
        5
      ]
    },
    "_coverageSchema": "1a1c01bbd47fc00a2c39e90264f33305004495a9",
    "hash": "3e41654e1284a9fc5aecb1ba9c3efbe298e2c949"
  },
  "D:\\github\\binar\\binar-final-challenge-frontend\\src\\store\\user.js": {
    "path": "D:\\github\\binar\\binar-final-challenge-frontend\\src\\store\\user.js",
    "statementMap": {
      "0": {
        "start": {
          "line": 7,
          "column": 21
        },
        "end": {
          "line": 21,
          "column": 1
        }
      },
      "1": {
        "start": {
          "line": 23,
          "column": 24
        },
        "end": {
          "line": 23,
          "column": 69
        }
      },
      "2": {
        "start": {
          "line": 25,
          "column": 21
        },
        "end": {
          "line": 27,
          "column": 34
        }
      },
      "3": {
        "start": {
          "line": 29,
          "column": 18
        },
        "end": {
          "line": 90,
          "column": 2
        }
      },
      "4": {
        "start": {
          "line": 34,
          "column": 30
        },
        "end": {
          "line": 34,
          "column": 59
        }
      },
      "5": {
        "start": {
          "line": 35,
          "column": 12
        },
        "end": {
          "line": 35,
          "column": 45
        }
      },
      "6": {
        "start": {
          "line": 36,
          "column": 12
        },
        "end": {
          "line": 36,
          "column": 68
        }
      },
      "7": {
        "start": {
          "line": 39,
          "column": 12
        },
        "end": {
          "line": 39,
          "column": 28
        }
      },
      "8": {
        "start": {
          "line": 40,
          "column": 12
        },
        "end": {
          "line": 40,
          "column": 68
        }
      },
      "9": {
        "start": {
          "line": 43,
          "column": 12
        },
        "end": {
          "line": 43,
          "column": 56
        }
      },
      "10": {
        "start": {
          "line": 44,
          "column": 12
        },
        "end": {
          "line": 44,
          "column": 36
        }
      },
      "11": {
        "start": {
          "line": 45,
          "column": 12
        },
        "end": {
          "line": 45,
          "column": 68
        }
      },
      "12": {
        "start": {
          "line": 51,
          "column": 12
        },
        "end": {
          "line": 51,
          "column": 32
        }
      },
      "13": {
        "start": {
          "line": 52,
          "column": 12
        },
        "end": {
          "line": 52,
          "column": 28
        }
      },
      "14": {
        "start": {
          "line": 53,
          "column": 12
        },
        "end": {
          "line": 53,
          "column": 68
        }
      },
      "15": {
        "start": {
          "line": 56,
          "column": 12
        },
        "end": {
          "line": 56,
          "column": 33
        }
      },
      "16": {
        "start": {
          "line": 57,
          "column": 12
        },
        "end": {
          "line": 57,
          "column": 28
        }
      },
      "17": {
        "start": {
          "line": 58,
          "column": 12
        },
        "end": {
          "line": 58,
          "column": 51
        }
      },
      "18": {
        "start": {
          "line": 59,
          "column": 12
        },
        "end": {
          "line": 59,
          "column": 68
        }
      },
      "19": {
        "start": {
          "line": 62,
          "column": 12
        },
        "end": {
          "line": 62,
          "column": 45
        }
      },
      "20": {
        "start": {
          "line": 63,
          "column": 12
        },
        "end": {
          "line": 63,
          "column": 33
        }
      },
      "21": {
        "start": {
          "line": 64,
          "column": 12
        },
        "end": {
          "line": 64,
          "column": 28
        }
      },
      "22": {
        "start": {
          "line": 65,
          "column": 12
        },
        "end": {
          "line": 65,
          "column": 68
        }
      },
      "23": {
        "start": {
          "line": 70,
          "column": 12
        },
        "end": {
          "line": 70,
          "column": 32
        }
      },
      "24": {
        "start": {
          "line": 71,
          "column": 12
        },
        "end": {
          "line": 71,
          "column": 28
        }
      },
      "25": {
        "start": {
          "line": 72,
          "column": 12
        },
        "end": {
          "line": 72,
          "column": 68
        }
      },
      "26": {
        "start": {
          "line": 75,
          "column": 12
        },
        "end": {
          "line": 75,
          "column": 39
        }
      },
      "27": {
        "start": {
          "line": 76,
          "column": 12
        },
        "end": {
          "line": 76,
          "column": 33
        }
      },
      "28": {
        "start": {
          "line": 77,
          "column": 12
        },
        "end": {
          "line": 77,
          "column": 28
        }
      },
      "29": {
        "start": {
          "line": 78,
          "column": 12
        },
        "end": {
          "line": 78,
          "column": 46
        }
      },
      "30": {
        "start": {
          "line": 79,
          "column": 12
        },
        "end": {
          "line": 79,
          "column": 35
        }
      },
      "31": {
        "start": {
          "line": 80,
          "column": 12
        },
        "end": {
          "line": 80,
          "column": 68
        }
      },
      "32": {
        "start": {
          "line": 83,
          "column": 46
        },
        "end": {
          "line": 83,
          "column": 78
        }
      },
      "33": {
        "start": {
          "line": 84,
          "column": 12
        },
        "end": {
          "line": 84,
          "column": 31
        }
      },
      "34": {
        "start": {
          "line": 85,
          "column": 12
        },
        "end": {
          "line": 85,
          "column": 33
        }
      },
      "35": {
        "start": {
          "line": 86,
          "column": 12
        },
        "end": {
          "line": 86,
          "column": 38
        }
      },
      "36": {
        "start": {
          "line": 87,
          "column": 12
        },
        "end": {
          "line": 87,
          "column": 68
        }
      },
      "37": {
        "start": {
          "line": 94,
          "column": 27
        },
        "end": {
          "line": 94,
          "column": 44
        }
      }
    },
    "fnMap": {
      "0": {
        "name": "(anonymous_0)",
        "decl": {
          "start": {
            "line": 33,
            "column": 19
          },
          "end": {
            "line": 33,
            "column": 20
          }
        },
        "loc": {
          "start": {
            "line": 33,
            "column": 30
          },
          "end": {
            "line": 37,
            "column": 9
          }
        },
        "line": 33
      },
      "1": {
        "name": "(anonymous_1)",
        "decl": {
          "start": {
            "line": 38,
            "column": 20
          },
          "end": {
            "line": 38,
            "column": 21
          }
        },
        "loc": {
          "start": {
            "line": 38,
            "column": 31
          },
          "end": {
            "line": 41,
            "column": 9
          }
        },
        "line": 38
      },
      "2": {
        "name": "(anonymous_2)",
        "decl": {
          "start": {
            "line": 42,
            "column": 16
          },
          "end": {
            "line": 42,
            "column": 17
          }
        },
        "loc": {
          "start": {
            "line": 42,
            "column": 27
          },
          "end": {
            "line": 46,
            "column": 9
          }
        },
        "line": 42
      },
      "3": {
        "name": "(anonymous_3)",
        "decl": {
          "start": {
            "line": 50,
            "column": 34
          },
          "end": {
            "line": 50,
            "column": 35
          }
        },
        "loc": {
          "start": {
            "line": 50,
            "column": 45
          },
          "end": {
            "line": 54,
            "column": 9
          }
        },
        "line": 50
      },
      "4": {
        "name": "(anonymous_4)",
        "decl": {
          "start": {
            "line": 55,
            "column": 36
          },
          "end": {
            "line": 55,
            "column": 37
          }
        },
        "loc": {
          "start": {
            "line": 55,
            "column": 55
          },
          "end": {
            "line": 60,
            "column": 9
          }
        },
        "line": 55
      },
      "5": {
        "name": "(anonymous_5)",
        "decl": {
          "start": {
            "line": 61,
            "column": 35
          },
          "end": {
            "line": 61,
            "column": 36
          }
        },
        "loc": {
          "start": {
            "line": 61,
            "column": 54
          },
          "end": {
            "line": 66,
            "column": 9
          }
        },
        "line": 61
      },
      "6": {
        "name": "(anonymous_6)",
        "decl": {
          "start": {
            "line": 69,
            "column": 25
          },
          "end": {
            "line": 69,
            "column": 26
          }
        },
        "loc": {
          "start": {
            "line": 69,
            "column": 36
          },
          "end": {
            "line": 73,
            "column": 9
          }
        },
        "line": 69
      },
      "7": {
        "name": "(anonymous_7)",
        "decl": {
          "start": {
            "line": 74,
            "column": 27
          },
          "end": {
            "line": 74,
            "column": 28
          }
        },
        "loc": {
          "start": {
            "line": 74,
            "column": 46
          },
          "end": {
            "line": 81,
            "column": 9
          }
        },
        "line": 74
      },
      "8": {
        "name": "(anonymous_8)",
        "decl": {
          "start": {
            "line": 82,
            "column": 26
          },
          "end": {
            "line": 82,
            "column": 27
          }
        },
        "loc": {
          "start": {
            "line": 82,
            "column": 45
          },
          "end": {
            "line": 88,
            "column": 9
          }
        },
        "line": 82
      }
    },
    "branchMap": {
      "0": {
        "loc": {
          "start": {
            "line": 25,
            "column": 21
          },
          "end": {
            "line": 27,
            "column": 34
          }
        },
        "type": "cond-expr",
        "locations": [
          {
            "start": {
              "line": 26,
              "column": 22
            },
            "end": {
              "line": 26,
              "column": 37
            }
          },
          {
            "start": {
              "line": 27,
              "column": 22
            },
            "end": {
              "line": 27,
              "column": 34
            }
          }
        ],
        "line": 25
      }
    },
    "s": {
      "0": 5,
      "1": 5,
      "2": 5,
      "3": 5,
      "4": 0,
      "5": 0,
      "6": 0,
      "7": 0,
      "8": 0,
      "9": 0,
      "10": 0,
      "11": 0,
      "12": 0,
      "13": 0,
      "14": 0,
      "15": 0,
      "16": 0,
      "17": 0,
      "18": 0,
      "19": 0,
      "20": 0,
      "21": 0,
      "22": 0,
      "23": 3,
      "24": 3,
      "25": 3,
      "26": 2,
      "27": 2,
      "28": 2,
      "29": 2,
      "30": 2,
      "31": 2,
      "32": 1,
      "33": 1,
      "34": 1,
      "35": 1,
      "36": 1,
      "37": 5
    },
    "f": {
      "0": 0,
      "1": 0,
      "2": 0,
      "3": 0,
      "4": 0,
      "5": 0,
      "6": 3,
      "7": 2,
      "8": 1
    },
    "b": {
      "0": [
        0,
        5
      ]
    },
    "_coverageSchema": "1a1c01bbd47fc00a2c39e90264f33305004495a9",
    "hash": "6804029bd6bcd99ff5135b6f5546ffbc076ce181"
  },
  "D:\\github\\binar\\binar-final-challenge-frontend\\src\\store\\index.js": {
    "path": "D:\\github\\binar\\binar-final-challenge-frontend\\src\\store\\index.js",
    "statementMap": {
      "0": {
        "start": {
          "line": 8,
          "column": 14
        },
        "end": {
          "line": 13,
          "column": 2
        }
      },
      "1": {
        "start": {
          "line": 15,
          "column": 19
        },
        "end": {
          "line": 27,
          "column": 1
        }
      },
      "2": {
        "start": {
          "line": 16,
          "column": 4
        },
        "end": {
          "line": 26,
          "column": 5
        }
      },
      "3": {
        "start": {
          "line": 17,
          "column": 32
        },
        "end": {
          "line": 17,
          "column": 65
        }
      },
      "4": {
        "start": {
          "line": 18,
          "column": 8
        },
        "end": {
          "line": 22,
          "column": 9
        }
      },
      "5": {
        "start": {
          "line": 19,
          "column": 12
        },
        "end": {
          "line": 21,
          "column": 13
        }
      },
      "6": {
        "start": {
          "line": 20,
          "column": 16
        },
        "end": {
          "line": 20,
          "column": 54
        }
      },
      "7": {
        "start": {
          "line": 24,
          "column": 8
        },
        "end": {
          "line": 24,
          "column": 24
        }
      },
      "8": {
        "start": {
          "line": 25,
          "column": 8
        },
        "end": {
          "line": 25,
          "column": 39
        }
      },
      "9": {
        "start": {
          "line": 28,
          "column": 0
        },
        "end": {
          "line": 28,
          "column": 12
        }
      }
    },
    "fnMap": {
      "0": {
        "name": "(anonymous_0)",
        "decl": {
          "start": {
            "line": 15,
            "column": 19
          },
          "end": {
            "line": 15,
            "column": 20
          }
        },
        "loc": {
          "start": {
            "line": 15,
            "column": 31
          },
          "end": {
            "line": 27,
            "column": 1
          }
        },
        "line": 15
      }
    },
    "branchMap": {
      "0": {
        "loc": {
          "start": {
            "line": 18,
            "column": 8
          },
          "end": {
            "line": 22,
            "column": 9
          }
        },
        "type": "if",
        "locations": [
          {
            "start": {
              "line": 18,
              "column": 8
            },
            "end": {
              "line": 22,
              "column": 9
            }
          },
          {
            "start": {
              "line": 18,
              "column": 8
            },
            "end": {
              "line": 22,
              "column": 9
            }
          }
        ],
        "line": 18
      },
      "1": {
        "loc": {
          "start": {
            "line": 19,
            "column": 12
          },
          "end": {
            "line": 21,
            "column": 13
          }
        },
        "type": "if",
        "locations": [
          {
            "start": {
              "line": 19,
              "column": 12
            },
            "end": {
              "line": 21,
              "column": 13
            }
          },
          {
            "start": {
              "line": 19,
              "column": 12
            },
            "end": {
              "line": 21,
              "column": 13
            }
          }
        ],
        "line": 19
      }
    },
    "s": {
      "0": 5,
      "1": 5,
      "2": 5,
      "3": 5,
      "4": 5,
      "5": 0,
      "6": 0,
      "7": 0,
      "8": 0,
      "9": 5
    },
    "f": {
      "0": 5
    },
    "b": {
      "0": [
        0,
        5
      ],
      "1": [
        0,
        0
      ]
    },
    "_coverageSchema": "1a1c01bbd47fc00a2c39e90264f33305004495a9",
    "hash": "367efad99e4e08c1370688abfa5265f84bffb75d"
  },
  "D:\\github\\binar\\binar-final-challenge-frontend\\src\\components\\ActionButton\\ActionButton.styles.js": {
    "path": "D:\\github\\binar\\binar-final-challenge-frontend\\src\\components\\ActionButton\\ActionButton.styles.js",
    "statementMap": {
      "0": {
        "start": {
          "line": 3,
          "column": 23
        },
        "end": {
          "line": 11,
          "column": 1
        }
      },
      "1": {
        "start": {
          "line": 4,
          "column": 39
        },
        "end": {
          "line": 4,
          "column": 44
        }
      },
      "2": {
        "start": {
          "line": 5,
          "column": 32
        },
        "end": {
          "line": 5,
          "column": 41
        }
      },
      "3": {
        "start": {
          "line": 7,
          "column": 28
        },
        "end": {
          "line": 7,
          "column": 33
        }
      }
    },
    "fnMap": {
      "0": {
        "name": "(anonymous_0)",
        "decl": {
          "start": {
            "line": 4,
            "column": 24
          },
          "end": {
            "line": 4,
            "column": 25
          }
        },
        "loc": {
          "start": {
            "line": 4,
            "column": 39
          },
          "end": {
            "line": 4,
            "column": 44
          }
        },
        "line": 4
      },
      "1": {
        "name": "(anonymous_1)",
        "decl": {
          "start": {
            "line": 5,
            "column": 13
          },
          "end": {
            "line": 5,
            "column": 14
          }
        },
        "loc": {
          "start": {
            "line": 5,
            "column": 32
          },
          "end": {
            "line": 5,
            "column": 41
          }
        },
        "line": 5
      },
      "2": {
        "name": "(anonymous_2)",
        "decl": {
          "start": {
            "line": 7,
            "column": 13
          },
          "end": {
            "line": 7,
            "column": 14
          }
        },
        "loc": {
          "start": {
            "line": 7,
            "column": 28
          },
          "end": {
            "line": 7,
            "column": 33
          }
        },
        "line": 7
      }
    },
    "branchMap": {},
    "s": {
      "0": 5,
      "1": 466,
      "2": 466,
      "3": 466
    },
    "f": {
      "0": 466,
      "1": 466,
      "2": 466
    },
    "b": {},
    "_coverageSchema": "1a1c01bbd47fc00a2c39e90264f33305004495a9",
    "hash": "d72822613a4ebdeb200d912dedfe16578bbf1225"
  },
  "D:\\github\\binar\\binar-final-challenge-frontend\\src\\components\\ActionButton\\index.js": {
    "path": "D:\\github\\binar\\binar-final-challenge-frontend\\src\\components\\ActionButton\\index.js",
    "statementMap": {
      "0": {
        "start": {
          "line": 6,
          "column": 21
        },
        "end": {
          "line": 29,
          "column": 1
        }
      },
      "1": {
        "start": {
          "line": 7,
          "column": 4
        },
        "end": {
          "line": 28,
          "column": 5
        }
      }
    },
    "fnMap": {
      "0": {
        "name": "(anonymous_0)",
        "decl": {
          "start": {
            "line": 6,
            "column": 21
          },
          "end": {
            "line": 6,
            "column": 22
          }
        },
        "loc": {
          "start": {
            "line": 6,
            "column": 105
          },
          "end": {
            "line": 29,
            "column": 1
          }
        },
        "line": 6
      }
    },
    "branchMap": {
      "0": {
        "loc": {
          "start": {
            "line": 19,
            "column": 20
          },
          "end": {
            "line": 23,
            "column": 21
          }
        },
        "type": "binary-expr",
        "locations": [
          {
            "start": {
              "line": 19,
              "column": 20
            },
            "end": {
              "line": 19,
              "column": 24
            }
          },
          {
            "start": {
              "line": 20,
              "column": 24
            },
            "end": {
              "line": 22,
              "column": 31
            }
          }
        ],
        "line": 19
      }
    },
    "s": {
      "0": 5,
      "1": 466
    },
    "f": {
      "0": 466
    },
    "b": {
      "0": [
        466,
        268
      ]
    },
    "_coverageSchema": "1a1c01bbd47fc00a2c39e90264f33305004495a9",
    "hash": "bde2109b4179b3e6444a0a686c586181e2d896f5"
  },
  "D:\\github\\binar\\binar-final-challenge-frontend\\src\\components\\Input\\Input.styles.js": {
    "path": "D:\\github\\binar\\binar-final-challenge-frontend\\src\\components\\Input\\Input.styles.js",
    "statementMap": {
      "0": {
        "start": {
          "line": 3,
          "column": 23
        },
        "end": {
          "line": 20,
          "column": 1
        }
      }
    },
    "fnMap": {},
    "branchMap": {},
    "s": {
      "0": 5
    },
    "f": {},
    "b": {},
    "_coverageSchema": "1a1c01bbd47fc00a2c39e90264f33305004495a9",
    "hash": "1a82746be6c3096cb1eeeaf5ddf18809b575791a"
  },
  "D:\\github\\binar\\binar-final-challenge-frontend\\src\\components\\Input\\index.js": {
    "path": "D:\\github\\binar\\binar-final-challenge-frontend\\src\\components\\Input\\index.js",
    "statementMap": {
      "0": {
        "start": {
          "line": 6,
          "column": 14
        },
        "end": {
          "line": 66,
          "column": 1
        }
      },
      "1": {
        "start": {
          "line": 7,
          "column": 44
        },
        "end": {
          "line": 7,
          "column": 59
        }
      },
      "2": {
        "start": {
          "line": 8,
          "column": 21
        },
        "end": {
          "line": 8,
          "column": 33
        }
      },
      "3": {
        "start": {
          "line": 10,
          "column": 4
        },
        "end": {
          "line": 19,
          "column": 28
        }
      },
      "4": {
        "start": {
          "line": 11,
          "column": 8
        },
        "end": {
          "line": 17,
          "column": 9
        }
      },
      "5": {
        "start": {
          "line": 12,
          "column": 12
        },
        "end": {
          "line": 16,
          "column": 13
        }
      },
      "6": {
        "start": {
          "line": 13,
          "column": 16
        },
        "end": {
          "line": 13,
          "column": 46
        }
      },
      "7": {
        "start": {
          "line": 15,
          "column": 16
        },
        "end": {
          "line": 15,
          "column": 50
        }
      },
      "8": {
        "start": {
          "line": 21,
          "column": 32
        },
        "end": {
          "line": 23,
          "column": 5
        }
      },
      "9": {
        "start": {
          "line": 22,
          "column": 8
        },
        "end": {
          "line": 22,
          "column": 38
        }
      },
      "10": {
        "start": {
          "line": 22,
          "column": 32
        },
        "end": {
          "line": 22,
          "column": 37
        }
      },
      "11": {
        "start": {
          "line": 25,
          "column": 4
        },
        "end": {
          "line": 65,
          "column": 5
        }
      }
    },
    "fnMap": {
      "0": {
        "name": "(anonymous_0)",
        "decl": {
          "start": {
            "line": 6,
            "column": 14
          },
          "end": {
            "line": 6,
            "column": 15
          }
        },
        "loc": {
          "start": {
            "line": 6,
            "column": 95
          },
          "end": {
            "line": 66,
            "column": 1
          }
        },
        "line": 6
      },
      "1": {
        "name": "(anonymous_1)",
        "decl": {
          "start": {
            "line": 10,
            "column": 14
          },
          "end": {
            "line": 10,
            "column": 15
          }
        },
        "loc": {
          "start": {
            "line": 10,
            "column": 20
          },
          "end": {
            "line": 19,
            "column": 5
          }
        },
        "line": 10
      },
      "2": {
        "name": "(anonymous_2)",
        "decl": {
          "start": {
            "line": 21,
            "column": 32
          },
          "end": {
            "line": 21,
            "column": 33
          }
        },
        "loc": {
          "start": {
            "line": 21,
            "column": 38
          },
          "end": {
            "line": 23,
            "column": 5
          }
        },
        "line": 21
      },
      "3": {
        "name": "(anonymous_3)",
        "decl": {
          "start": {
            "line": 22,
            "column": 24
          },
          "end": {
            "line": 22,
            "column": 25
          }
        },
        "loc": {
          "start": {
            "line": 22,
            "column": 32
          },
          "end": {
            "line": 22,
            "column": 37
          }
        },
        "line": 22
      }
    },
    "branchMap": {
      "0": {
        "loc": {
          "start": {
            "line": 11,
            "column": 8
          },
          "end": {
            "line": 17,
            "column": 9
          }
        },
        "type": "if",
        "locations": [
          {
            "start": {
              "line": 11,
              "column": 8
            },
            "end": {
              "line": 17,
              "column": 9
            }
          },
          {
            "start": {
              "line": 11,
              "column": 8
            },
            "end": {
              "line": 17,
              "column": 9
            }
          }
        ],
        "line": 11
      },
      "1": {
        "loc": {
          "start": {
            "line": 12,
            "column": 12
          },
          "end": {
            "line": 16,
            "column": 13
          }
        },
        "type": "if",
        "locations": [
          {
            "start": {
              "line": 12,
              "column": 12
            },
            "end": {
              "line": 16,
              "column": 13
            }
          },
          {
            "start": {
              "line": 12,
              "column": 12
            },
            "end": {
              "line": 16,
              "column": 13
            }
          }
        ],
        "line": 12
      },
      "2": {
        "loc": {
          "start": {
            "line": 28,
            "column": 16
          },
          "end": {
            "line": 38,
            "column": 17
          }
        },
        "type": "binary-expr",
        "locations": [
          {
            "start": {
              "line": 28,
              "column": 16
            },
            "end": {
              "line": 28,
              "column": 20
            }
          },
          {
            "start": {
              "line": 29,
              "column": 16
            },
            "end": {
              "line": 37,
              "column": 24
            }
          }
        ],
        "line": 28
      },
      "3": {
        "loc": {
          "start": {
            "line": 33,
            "column": 32
          },
          "end": {
            "line": 35,
            "column": 33
          }
        },
        "type": "binary-expr",
        "locations": [
          {
            "start": {
              "line": 33,
              "column": 32
            },
            "end": {
              "line": 33,
              "column": 40
            }
          },
          {
            "start": {
              "line": 34,
              "column": 36
            },
            "end": {
              "line": 34,
              "column": 50
            }
          }
        ],
        "line": 33
      },
      "4": {
        "loc": {
          "start": {
            "line": 51,
            "column": 16
          },
          "end": {
            "line": 62,
            "column": 17
          }
        },
        "type": "binary-expr",
        "locations": [
          {
            "start": {
              "line": 51,
              "column": 16
            },
            "end": {
              "line": 51,
              "column": 35
            }
          },
          {
            "start": {
              "line": 52,
              "column": 20
            },
            "end": {
              "line": 60,
              "column": 23
            }
          }
        ],
        "line": 51
      },
      "5": {
        "loc": {
          "start": {
            "line": 54,
            "column": 28
          },
          "end": {
            "line": 58,
            "column": 29
          }
        },
        "type": "cond-expr",
        "locations": [
          {
            "start": {
              "line": 55,
              "column": 32
            },
            "end": {
              "line": 55,
              "column": 103
            }
          },
          {
            "start": {
              "line": 57,
              "column": 32
            },
            "end": {
              "line": 57,
              "column": 97
            }
          }
        ],
        "line": 54
      }
    },
    "s": {
      "0": 5,
      "1": 408,
      "2": 408,
      "3": 408,
      "4": 36,
      "5": 18,
      "6": 2,
      "7": 16,
      "8": 408,
      "9": 4,
      "10": 6,
      "11": 408
    },
    "f": {
      "0": 408,
      "1": 36,
      "2": 4,
      "3": 6
    },
    "b": {
      "0": [
        18,
        18
      ],
      "1": [
        2,
        16
      ],
      "2": [
        408,
        408
      ],
      "3": [
        408,
        408
      ],
      "4": [
        408,
        206
      ],
      "5": [
        4,
        202
      ]
    },
    "_coverageSchema": "1a1c01bbd47fc00a2c39e90264f33305004495a9",
    "hash": "5f9203358f5bf02c9d4e921463b99a22cb717274"
  },
  "D:\\github\\binar\\binar-final-challenge-frontend\\src\\components\\LoadingSpinner\\LoadingSpinner.styles.js": {
    "path": "D:\\github\\binar\\binar-final-challenge-frontend\\src\\components\\LoadingSpinner\\LoadingSpinner.styles.js",
    "statementMap": {
      "0": {
        "start": {
          "line": 3,
          "column": 23
        },
        "end": {
          "line": 10,
          "column": 1
        }
      },
      "1": {
        "start": {
          "line": 12,
          "column": 23
        },
        "end": {
          "line": 22,
          "column": 1
        }
      },
      "2": {
        "start": {
          "line": 24,
          "column": 19
        },
        "end": {
          "line": 70,
          "column": 1
        }
      }
    },
    "fnMap": {},
    "branchMap": {},
    "s": {
      "0": 5,
      "1": 5,
      "2": 5
    },
    "f": {},
    "b": {},
    "_coverageSchema": "1a1c01bbd47fc00a2c39e90264f33305004495a9",
    "hash": "e3c9f6e1551d4980716a0b7960b66fbac4ad8299"
  },
  "D:\\github\\binar\\binar-final-challenge-frontend\\src\\components\\LoadingSpinner\\index.js": {
    "path": "D:\\github\\binar\\binar-final-challenge-frontend\\src\\components\\LoadingSpinner\\index.js",
    "statementMap": {
      "0": {
        "start": {
          "line": 4,
          "column": 23
        },
        "end": {
          "line": 15,
          "column": 1
        }
      },
      "1": {
        "start": {
          "line": 5,
          "column": 4
        },
        "end": {
          "line": 14,
          "column": 5
        }
      }
    },
    "fnMap": {
      "0": {
        "name": "(anonymous_0)",
        "decl": {
          "start": {
            "line": 4,
            "column": 23
          },
          "end": {
            "line": 4,
            "column": 24
          }
        },
        "loc": {
          "start": {
            "line": 4,
            "column": 39
          },
          "end": {
            "line": 15,
            "column": 1
          }
        },
        "line": 4
      }
    },
    "branchMap": {
      "0": {
        "loc": {
          "start": {
            "line": 6,
            "column": 28
          },
          "end": {
            "line": 6,
            "column": 59
          }
        },
        "type": "cond-expr",
        "locations": [
          {
            "start": {
              "line": 6,
              "column": 37
            },
            "end": {
              "line": 6,
              "column": 48
            }
          },
          {
            "start": {
              "line": 6,
              "column": 51
            },
            "end": {
              "line": 6,
              "column": 59
            }
          }
        ],
        "line": 6
      }
    },
    "s": {
      "0": 5,
      "1": 220
    },
    "f": {
      "0": 220
    },
    "b": {
      "0": [
        16,
        204
      ]
    },
    "_coverageSchema": "1a1c01bbd47fc00a2c39e90264f33305004495a9",
    "hash": "9abf89cfdc909c0c047963af66002167502dba6a"
  },
  "D:\\github\\binar\\binar-final-challenge-frontend\\src\\components\\Alert\\Alert.styles.js": {
    "path": "D:\\github\\binar\\binar-final-challenge-frontend\\src\\components\\Alert\\Alert.styles.js",
    "statementMap": {
      "0": {
        "start": {
          "line": 3,
          "column": 23
        },
        "end": {
          "line": 28,
          "column": 1
        }
      },
      "1": {
        "start": {
          "line": 9,
          "column": 49
        },
        "end": {
          "line": 9,
          "column": 64
        }
      },
      "2": {
        "start": {
          "line": 10,
          "column": 29
        },
        "end": {
          "line": 10,
          "column": 34
        }
      }
    },
    "fnMap": {
      "0": {
        "name": "(anonymous_0)",
        "decl": {
          "start": {
            "line": 9,
            "column": 24
          },
          "end": {
            "line": 9,
            "column": 25
          }
        },
        "loc": {
          "start": {
            "line": 9,
            "column": 49
          },
          "end": {
            "line": 9,
            "column": 64
          }
        },
        "line": 9
      },
      "1": {
        "name": "(anonymous_1)",
        "decl": {
          "start": {
            "line": 10,
            "column": 14
          },
          "end": {
            "line": 10,
            "column": 15
          }
        },
        "loc": {
          "start": {
            "line": 10,
            "column": 29
          },
          "end": {
            "line": 10,
            "column": 34
          }
        },
        "line": 10
      }
    },
    "branchMap": {},
    "s": {
      "0": 5,
      "1": 436,
      "2": 436
    },
    "f": {
      "0": 436,
      "1": 436
    },
    "b": {},
    "_coverageSchema": "1a1c01bbd47fc00a2c39e90264f33305004495a9",
    "hash": "0f7061893ab7eef96137f30ab61cd513d5b125a0"
  },
  "D:\\github\\binar\\binar-final-challenge-frontend\\src\\components\\Alert\\index.js": {
    "path": "D:\\github\\binar\\binar-final-challenge-frontend\\src\\components\\Alert\\index.js",
    "statementMap": {
      "0": {
        "start": {
          "line": 6,
          "column": 14
        },
        "end": {
          "line": 29,
          "column": 1
        }
      },
      "1": {
        "start": {
          "line": 7,
          "column": 27
        },
        "end": {
          "line": 7,
          "column": 39
        }
      },
      "2": {
        "start": {
          "line": 9,
          "column": 4
        },
        "end": {
          "line": 17,
          "column": 16
        }
      },
      "3": {
        "start": {
          "line": 10,
          "column": 8
        },
        "end": {
          "line": 16,
          "column": 9
        }
      },
      "4": {
        "start": {
          "line": 11,
          "column": 26
        },
        "end": {
          "line": 13,
          "column": 20
        }
      },
      "5": {
        "start": {
          "line": 12,
          "column": 16
        },
        "end": {
          "line": 12,
          "column": 46
        }
      },
      "6": {
        "start": {
          "line": 15,
          "column": 12
        },
        "end": {
          "line": 15,
          "column": 44
        }
      },
      "7": {
        "start": {
          "line": 15,
          "column": 25
        },
        "end": {
          "line": 15,
          "column": 44
        }
      },
      "8": {
        "start": {
          "line": 19,
          "column": 4
        },
        "end": {
          "line": 28,
          "column": 5
        }
      }
    },
    "fnMap": {
      "0": {
        "name": "(anonymous_0)",
        "decl": {
          "start": {
            "line": 6,
            "column": 14
          },
          "end": {
            "line": 6,
            "column": 15
          }
        },
        "loc": {
          "start": {
            "line": 6,
            "column": 89
          },
          "end": {
            "line": 29,
            "column": 1
          }
        },
        "line": 6
      },
      "1": {
        "name": "(anonymous_1)",
        "decl": {
          "start": {
            "line": 9,
            "column": 14
          },
          "end": {
            "line": 9,
            "column": 15
          }
        },
        "loc": {
          "start": {
            "line": 9,
            "column": 20
          },
          "end": {
            "line": 17,
            "column": 5
          }
        },
        "line": 9
      },
      "2": {
        "name": "(anonymous_2)",
        "decl": {
          "start": {
            "line": 11,
            "column": 37
          },
          "end": {
            "line": 11,
            "column": 38
          }
        },
        "loc": {
          "start": {
            "line": 11,
            "column": 43
          },
          "end": {
            "line": 13,
            "column": 13
          }
        },
        "line": 11
      },
      "3": {
        "name": "(anonymous_3)",
        "decl": {
          "start": {
            "line": 15,
            "column": 19
          },
          "end": {
            "line": 15,
            "column": 20
          }
        },
        "loc": {
          "start": {
            "line": 15,
            "column": 25
          },
          "end": {
            "line": 15,
            "column": 44
          }
        },
        "line": 15
      }
    },
    "branchMap": {
      "0": {
        "loc": {
          "start": {
            "line": 10,
            "column": 8
          },
          "end": {
            "line": 16,
            "column": 9
          }
        },
        "type": "if",
        "locations": [
          {
            "start": {
              "line": 10,
              "column": 8
            },
            "end": {
              "line": 16,
              "column": 9
            }
          },
          {
            "start": {
              "line": 10,
              "column": 8
            },
            "end": {
              "line": 16,
              "column": 9
            }
          }
        ],
        "line": 10
      },
      "1": {
        "loc": {
          "start": {
            "line": 20,
            "column": 31
          },
          "end": {
            "line": 20,
            "column": 51
          }
        },
        "type": "cond-expr",
        "locations": [
          {
            "start": {
              "line": 20,
              "column": 40
            },
            "end": {
              "line": 20,
              "column": 46
            }
          },
          {
            "start": {
              "line": 20,
              "column": 49
            },
            "end": {
              "line": 20,
              "column": 51
            }
          }
        ],
        "line": 20
      }
    },
    "s": {
      "0": 5,
      "1": 436,
      "2": 436,
      "3": 34,
      "4": 2,
      "5": 0,
      "6": 2,
      "7": 0,
      "8": 436
    },
    "f": {
      "0": 436,
      "1": 34,
      "2": 0,
      "3": 0
    },
    "b": {
      "0": [
        2,
        32
      ],
      "1": [
        16,
        420
      ]
    },
    "_coverageSchema": "1a1c01bbd47fc00a2c39e90264f33305004495a9",
    "hash": "4846854e7525c3ed0b71ca7a8ac8644754ff3df0"
  },
  "D:\\github\\binar\\binar-final-challenge-frontend\\src\\helpers\\validateEmail.js": {
    "path": "D:\\github\\binar\\binar-final-challenge-frontend\\src\\helpers\\validateEmail.js",
    "statementMap": {
      "0": {
        "start": {
          "line": 1,
          "column": 29
        },
        "end": {
          "line": 7,
          "column": 1
        }
      },
      "1": {
        "start": {
          "line": 2,
          "column": 13
        },
        "end": {
          "line": 2,
          "column": 102
        }
      },
      "2": {
        "start": {
          "line": 3,
          "column": 4
        },
        "end": {
          "line": 5,
          "column": 5
        }
      },
      "3": {
        "start": {
          "line": 4,
          "column": 8
        },
        "end": {
          "line": 4,
          "column": 19
        }
      },
      "4": {
        "start": {
          "line": 6,
          "column": 4
        },
        "end": {
          "line": 6,
          "column": 16
        }
      }
    },
    "fnMap": {
      "0": {
        "name": "(anonymous_0)",
        "decl": {
          "start": {
            "line": 1,
            "column": 29
          },
          "end": {
            "line": 1,
            "column": 30
          }
        },
        "loc": {
          "start": {
            "line": 1,
            "column": 40
          },
          "end": {
            "line": 7,
            "column": 1
          }
        },
        "line": 1
      }
    },
    "branchMap": {
      "0": {
        "loc": {
          "start": {
            "line": 3,
            "column": 4
          },
          "end": {
            "line": 5,
            "column": 5
          }
        },
        "type": "if",
        "locations": [
          {
            "start": {
              "line": 3,
              "column": 4
            },
            "end": {
              "line": 5,
              "column": 5
            }
          },
          {
            "start": {
              "line": 3,
              "column": 4
            },
            "end": {
              "line": 5,
              "column": 5
            }
          }
        ],
        "line": 3
      }
    },
    "s": {
      "0": 5,
      "1": 3,
      "2": 3,
      "3": 3,
      "4": 0
    },
    "f": {
      "0": 3
    },
    "b": {
      "0": [
        3,
        0
      ]
    },
    "_coverageSchema": "1a1c01bbd47fc00a2c39e90264f33305004495a9",
    "hash": "ee701064e03a1579b60ebd66852a1d977ea28b94"
  },
  "D:\\github\\binar\\binar-final-challenge-frontend\\src\\hooks\\useFlashMessage.js": {
    "path": "D:\\github\\binar\\binar-final-challenge-frontend\\src\\hooks\\useFlashMessage.js",
    "statementMap": {
      "0": {
        "start": {
          "line": 5,
          "column": 31
        },
        "end": {
          "line": 19,
          "column": 1
        }
      },
      "1": {
        "start": {
          "line": 6,
          "column": 41
        },
        "end": {
          "line": 6,
          "column": 63
        }
      },
      "2": {
        "start": {
          "line": 8,
          "column": 22
        },
        "end": {
          "line": 8,
          "column": 35
        }
      },
      "3": {
        "start": {
          "line": 10,
          "column": 1
        },
        "end": {
          "line": 16,
          "column": 12
        }
      },
      "4": {
        "start": {
          "line": 11,
          "column": 2
        },
        "end": {
          "line": 15,
          "column": 3
        }
      },
      "5": {
        "start": {
          "line": 12,
          "column": 3
        },
        "end": {
          "line": 14,
          "column": 4
        }
      },
      "6": {
        "start": {
          "line": 13,
          "column": 4
        },
        "end": {
          "line": 13,
          "column": 34
        }
      },
      "7": {
        "start": {
          "line": 18,
          "column": 4
        },
        "end": {
          "line": 18,
          "column": 44
        }
      }
    },
    "fnMap": {
      "0": {
        "name": "(anonymous_0)",
        "decl": {
          "start": {
            "line": 5,
            "column": 31
          },
          "end": {
            "line": 5,
            "column": 32
          }
        },
        "loc": {
          "start": {
            "line": 5,
            "column": 49
          },
          "end": {
            "line": 19,
            "column": 1
          }
        },
        "line": 5
      },
      "1": {
        "name": "(anonymous_1)",
        "decl": {
          "start": {
            "line": 10,
            "column": 11
          },
          "end": {
            "line": 10,
            "column": 12
          }
        },
        "loc": {
          "start": {
            "line": 10,
            "column": 17
          },
          "end": {
            "line": 16,
            "column": 2
          }
        },
        "line": 10
      }
    },
    "branchMap": {
      "0": {
        "loc": {
          "start": {
            "line": 11,
            "column": 2
          },
          "end": {
            "line": 15,
            "column": 3
          }
        },
        "type": "if",
        "locations": [
          {
            "start": {
              "line": 11,
              "column": 2
            },
            "end": {
              "line": 15,
              "column": 3
            }
          },
          {
            "start": {
              "line": 11,
              "column": 2
            },
            "end": {
              "line": 15,
              "column": 3
            }
          }
        ],
        "line": 11
      },
      "1": {
        "loc": {
          "start": {
            "line": 12,
            "column": 3
          },
          "end": {
            "line": 14,
            "column": 4
          }
        },
        "type": "if",
        "locations": [
          {
            "start": {
              "line": 12,
              "column": 3
            },
            "end": {
              "line": 14,
              "column": 4
            }
          },
          {
            "start": {
              "line": 12,
              "column": 3
            },
            "end": {
              "line": 14,
              "column": 4
            }
          }
        ],
        "line": 12
      }
    },
    "s": {
      "0": 5,
      "1": 216,
      "2": 216,
      "3": 216,
      "4": 15,
      "5": 4,
      "6": 4,
      "7": 216
    },
    "f": {
      "0": 216,
      "1": 15
    },
    "b": {
      "0": [
        4,
        11
      ],
      "1": [
        4,
        0
      ]
    },
    "_coverageSchema": "1a1c01bbd47fc00a2c39e90264f33305004495a9",
    "hash": "67aa91d6fc7fa7dead32d818792dc6d3cca5b211"
  },
  "D:\\github\\binar\\binar-final-challenge-frontend\\src\\types\\pages.js": {
    "path": "D:\\github\\binar\\binar-final-challenge-frontend\\src\\types\\pages.js",
    "statementMap": {
      "0": {
        "start": {
          "line": 1,
          "column": 27
        },
        "end": {
          "line": 1,
          "column": 35
        }
      },
      "1": {
        "start": {
          "line": 2,
          "column": 30
        },
        "end": {
          "line": 2,
          "column": 41
        }
      },
      "2": {
        "start": {
          "line": 3,
          "column": 28
        },
        "end": {
          "line": 3,
          "column": 37
        }
      },
      "3": {
        "start": {
          "line": 5,
          "column": 26
        },
        "end": {
          "line": 5,
          "column": 29
        }
      },
      "4": {
        "start": {
          "line": 7,
          "column": 30
        },
        "end": {
          "line": 7,
          "column": 40
        }
      },
      "5": {
        "start": {
          "line": 8,
          "column": 33
        },
        "end": {
          "line": 8,
          "column": 56
        }
      },
      "6": {
        "start": {
          "line": 9,
          "column": 36
        },
        "end": {
          "line": 9,
          "column": 45
        }
      },
      "7": {
        "start": {
          "line": 11,
          "column": 34
        },
        "end": {
          "line": 11,
          "column": 49
        }
      },
      "8": {
        "start": {
          "line": 13,
          "column": 25
        },
        "end": {
          "line": 13,
          "column": 31
        }
      },
      "9": {
        "start": {
          "line": 15,
          "column": 33
        },
        "end": {
          "line": 15,
          "column": 47
        }
      },
      "10": {
        "start": {
          "line": 17,
          "column": 30
        },
        "end": {
          "line": 17,
          "column": 61
        }
      },
      "11": {
        "start": {
          "line": 19,
          "column": 34
        },
        "end": {
          "line": 19,
          "column": 61
        }
      }
    },
    "fnMap": {},
    "branchMap": {},
    "s": {
      "0": 5,
      "1": 5,
      "2": 5,
      "3": 5,
      "4": 5,
      "5": 5,
      "6": 5,
      "7": 5,
      "8": 5,
      "9": 5,
      "10": 5,
      "11": 5
    },
    "f": {},
    "b": {},
    "_coverageSchema": "1a1c01bbd47fc00a2c39e90264f33305004495a9",
    "hash": "662d372de80f6ccdac75dd6469f47a47595ee448"
  },
  "D:\\github\\binar\\binar-final-challenge-frontend\\src\\pages\\login.js": {
    "path": "D:\\github\\binar\\binar-final-challenge-frontend\\src\\pages\\login.js",
    "statementMap": {
      "0": {
        "start": {
          "line": 39,
          "column": 14
        },
        "end": {
          "line": 251,
          "column": 1
        }
      },
      "1": {
        "start": {
          "line": 42,
          "column": 31
        },
        "end": {
          "line": 42,
          "column": 65
        }
      },
      "2": {
        "start": {
          "line": 42,
          "column": 52
        },
        "end": {
          "line": 42,
          "column": 64
        }
      },
      "3": {
        "start": {
          "line": 49,
          "column": 44
        },
        "end": {
          "line": 49,
          "column": 63
        }
      },
      "4": {
        "start": {
          "line": 52,
          "column": 30
        },
        "end": {
          "line": 52,
          "column": 42
        }
      },
      "5": {
        "start": {
          "line": 53,
          "column": 36
        },
        "end": {
          "line": 53,
          "column": 48
        }
      },
      "6": {
        "start": {
          "line": 60,
          "column": 21
        },
        "end": {
          "line": 60,
          "column": 34
        }
      },
      "7": {
        "start": {
          "line": 63,
          "column": 21
        },
        "end": {
          "line": 63,
          "column": 34
        }
      },
      "8": {
        "start": {
          "line": 69,
          "column": 21
        },
        "end": {
          "line": 69,
          "column": 34
        }
      },
      "9": {
        "start": {
          "line": 76,
          "column": 21
        },
        "end": {
          "line": 88,
          "column": 5
        }
      },
      "10": {
        "start": {
          "line": 77,
          "column": 30
        },
        "end": {
          "line": 77,
          "column": 45
        }
      },
      "11": {
        "start": {
          "line": 78,
          "column": 8
        },
        "end": {
          "line": 87,
          "column": 9
        }
      },
      "12": {
        "start": {
          "line": 80,
          "column": 16
        },
        "end": {
          "line": 80,
          "column": 31
        }
      },
      "13": {
        "start": {
          "line": 81,
          "column": 16
        },
        "end": {
          "line": 81,
          "column": 21
        }
      },
      "14": {
        "start": {
          "line": 83,
          "column": 16
        },
        "end": {
          "line": 83,
          "column": 34
        }
      },
      "15": {
        "start": {
          "line": 84,
          "column": 16
        },
        "end": {
          "line": 84,
          "column": 21
        }
      },
      "16": {
        "start": {
          "line": 86,
          "column": 16
        },
        "end": {
          "line": 86,
          "column": 21
        }
      },
      "17": {
        "start": {
          "line": 91,
          "column": 21
        },
        "end": {
          "line": 133,
          "column": 5
        }
      },
      "18": {
        "start": {
          "line": 92,
          "column": 8
        },
        "end": {
          "line": 92,
          "column": 26
        }
      },
      "19": {
        "start": {
          "line": 93,
          "column": 8
        },
        "end": {
          "line": 96,
          "column": 9
        }
      },
      "20": {
        "start": {
          "line": 94,
          "column": 12
        },
        "end": {
          "line": 94,
          "column": 37
        }
      },
      "21": {
        "start": {
          "line": 95,
          "column": 12
        },
        "end": {
          "line": 95,
          "column": 18
        }
      },
      "22": {
        "start": {
          "line": 98,
          "column": 8
        },
        "end": {
          "line": 101,
          "column": 9
        }
      },
      "23": {
        "start": {
          "line": 99,
          "column": 12
        },
        "end": {
          "line": 99,
          "column": 41
        }
      },
      "24": {
        "start": {
          "line": 100,
          "column": 12
        },
        "end": {
          "line": 100,
          "column": 18
        }
      },
      "25": {
        "start": {
          "line": 103,
          "column": 8
        },
        "end": {
          "line": 106,
          "column": 9
        }
      },
      "26": {
        "start": {
          "line": 104,
          "column": 12
        },
        "end": {
          "line": 104,
          "column": 40
        }
      },
      "27": {
        "start": {
          "line": 105,
          "column": 12
        },
        "end": {
          "line": 105,
          "column": 18
        }
      },
      "28": {
        "start": {
          "line": 108,
          "column": 8
        },
        "end": {
          "line": 132,
          "column": 9
        }
      },
      "29": {
        "start": {
          "line": 109,
          "column": 12
        },
        "end": {
          "line": 111,
          "column": 15
        }
      },
      "30": {
        "start": {
          "line": 113,
          "column": 12
        },
        "end": {
          "line": 116,
          "column": 24
        }
      },
      "31": {
        "start": {
          "line": 118,
          "column": 12
        },
        "end": {
          "line": 120,
          "column": 15
        }
      },
      "32": {
        "start": {
          "line": 122,
          "column": 12
        },
        "end": {
          "line": 126,
          "column": 14
        }
      },
      "33": {
        "start": {
          "line": 128,
          "column": 12
        },
        "end": {
          "line": 128,
          "column": 29
        }
      },
      "34": {
        "start": {
          "line": 129,
          "column": 12
        },
        "end": {
          "line": 131,
          "column": 15
        }
      },
      "35": {
        "start": {
          "line": 136,
          "column": 25
        },
        "end": {
          "line": 140,
          "column": 5
        }
      },
      "36": {
        "start": {
          "line": 137,
          "column": 8
        },
        "end": {
          "line": 139,
          "column": 11
        }
      },
      "37": {
        "start": {
          "line": 143,
          "column": 22
        },
        "end": {
          "line": 145,
          "column": 2
        }
      },
      "38": {
        "start": {
          "line": 144,
          "column": 2
        },
        "end": {
          "line": 144,
          "column": 21
        }
      },
      "39": {
        "start": {
          "line": 147,
          "column": 24
        },
        "end": {
          "line": 158,
          "column": 6
        }
      },
      "40": {
        "start": {
          "line": 149,
          "column": 12
        },
        "end": {
          "line": 149,
          "column": 38
        }
      },
      "41": {
        "start": {
          "line": 150,
          "column": 29
        },
        "end": {
          "line": 153,
          "column": 13
        }
      },
      "42": {
        "start": {
          "line": 155,
          "column": 12
        },
        "end": {
          "line": 155,
          "column": 34
        }
      },
      "43": {
        "start": {
          "line": 157,
          "column": 34
        },
        "end": {
          "line": 157,
          "column": 60
        }
      },
      "44": {
        "start": {
          "line": 165,
          "column": 4
        },
        "end": {
          "line": 171,
          "column": 61
        }
      },
      "45": {
        "start": {
          "line": 166,
          "column": 8
        },
        "end": {
          "line": 168,
          "column": 11
        }
      },
      "46": {
        "start": {
          "line": 170,
          "column": 8
        },
        "end": {
          "line": 170,
          "column": 72
        }
      },
      "47": {
        "start": {
          "line": 174,
          "column": 4
        },
        "end": {
          "line": 250,
          "column": 6
        }
      }
    },
    "fnMap": {
      "0": {
        "name": "(anonymous_0)",
        "decl": {
          "start": {
            "line": 39,
            "column": 14
          },
          "end": {
            "line": 39,
            "column": 15
          }
        },
        "loc": {
          "start": {
            "line": 39,
            "column": 20
          },
          "end": {
            "line": 251,
            "column": 1
          }
        },
        "line": 39
      },
      "1": {
        "name": "(anonymous_1)",
        "decl": {
          "start": {
            "line": 42,
            "column": 43
          },
          "end": {
            "line": 42,
            "column": 44
          }
        },
        "loc": {
          "start": {
            "line": 42,
            "column": 52
          },
          "end": {
            "line": 42,
            "column": 64
          }
        },
        "line": 42
      },
      "2": {
        "name": "(anonymous_2)",
        "decl": {
          "start": {
            "line": 76,
            "column": 21
          },
          "end": {
            "line": 76,
            "column": 22
          }
        },
        "loc": {
          "start": {
            "line": 76,
            "column": 28
          },
          "end": {
            "line": 88,
            "column": 5
          }
        },
        "line": 76
      },
      "3": {
        "name": "(anonymous_3)",
        "decl": {
          "start": {
            "line": 91,
            "column": 21
          },
          "end": {
            "line": 91,
            "column": 22
          }
        },
        "loc": {
          "start": {
            "line": 91,
            "column": 34
          },
          "end": {
            "line": 133,
            "column": 5
          }
        },
        "line": 91
      },
      "4": {
        "name": "(anonymous_4)",
        "decl": {
          "start": {
            "line": 136,
            "column": 25
          },
          "end": {
            "line": 136,
            "column": 26
          }
        },
        "loc": {
          "start": {
            "line": 136,
            "column": 31
          },
          "end": {
            "line": 140,
            "column": 5
          }
        },
        "line": 136
      },
      "5": {
        "name": "(anonymous_5)",
        "decl": {
          "start": {
            "line": 143,
            "column": 22
          },
          "end": {
            "line": 143,
            "column": 23
          }
        },
        "loc": {
          "start": {
[...]
            "column": 13
          }
        },
        "line": 352
      },
      "21": {
        "name": "(anonymous_21)",
        "decl": {
          "start": {
            "line": 376,
            "column": 32
          },
          "end": {
            "line": 376,
            "column": 33
          }
        },
        "loc": {
          "start": {
            "line": 376,
            "column": 48
          },
          "end": {
            "line": 376,
            "column": 69
          }
        },
        "line": 376
      }
    },
    "branchMap": {
      "0": {
        "loc": {
          "start": {
            "line": 89,
            "column": 2
          },
          "end": {
            "line": 101,
            "column": 3
          }
        },
        "type": "switch",
        "locations": [
          {
            "start": {
              "line": 90,
              "column": 3
            },
            "end": {
              "line": 92,
              "column": 9
            }
          },
          {
            "start": {
              "line": 93,
              "column": 3
            },
            "end": {
              "line": 95,
              "column": 9
            }
          },
          {
            "start": {
              "line": 96,
              "column": 3
            },
            "end": {
              "line": 98,
              "column": 9
            }
          },
          {
            "start": {
              "line": 99,
              "column": 3
            },
            "end": {
              "line": 100,
              "column": 9
            }
          }
        ],
        "line": 89
      },
      "1": {
        "loc": {
          "start": {
            "line": 112,
            "column": 2
          },
          "end": {
            "line": 115,
            "column": 3
          }
        },
        "type": "if",
        "locations": [
          {
            "start": {
              "line": 112,
              "column": 2
            },
            "end": {
              "line": 115,
              "column": 3
            }
          },
          {
            "start": {
              "line": 112,
              "column": 2
            },
            "end": {
              "line": 115,
              "column": 3
            }
          }
        ],
        "line": 112
      },
      "2": {
        "loc": {
          "start": {
            "line": 117,
            "column": 2
          },
          "end": {
            "line": 120,
            "column": 3
          }
        },
        "type": "if",
        "locations": [
          {
            "start": {
              "line": 117,
              "column": 2
            },
            "end": {
              "line": 120,
              "column": 3
            }
          },
          {
            "start": {
              "line": 117,
              "column": 2
            },
            "end": {
              "line": 120,
              "column": 3
            }
          }
        ],
        "line": 117
      },
      "3": {
        "loc": {
          "start": {
            "line": 122,
            "column": 2
          },
          "end": {
            "line": 125,
            "column": 3
          }
        },
        "type": "if",
        "locations": [
          {
            "start": {
              "line": 122,
              "column": 2
            },
            "end": {
              "line": 125,
              "column": 3
            }
          },
          {
            "start": {
              "line": 122,
              "column": 2
            },
            "end": {
              "line": 125,
              "column": 3
            }
          }
        ],
        "line": 122
      },
      "4": {
        "loc": {
          "start": {
            "line": 127,
            "column": 2
          },
          "end": {
            "line": 130,
            "column": 3
          }
        },
        "type": "if",
        "locations": [
          {
            "start": {
              "line": 127,
              "column": 2
            },
            "end": {
              "line": 130,
              "column": 3
            }
          },
          {
            "start": {
              "line": 127,
              "column": 2
            },
            "end": {
              "line": 130,
              "column": 3
            }
          }
        ],
        "line": 127
      },
      "5": {
        "loc": {
          "start": {
            "line": 145,
            "column": 2
          },
          "end": {
            "line": 148,
            "column": 3
          }
        },
        "type": "if",
        "locations": [
          {
            "start": {
              "line": 145,
              "column": 2
            },
            "end": {
              "line": 148,
              "column": 3
            }
          },
          {
            "start": {
              "line": 145,
              "column": 2
            },
            "end": {
              "line": 148,
              "column": 3
            }
          }
        ],
        "line": 145
      },
      "6": {
        "loc": {
          "start": {
            "line": 150,
            "column": 2
          },
          "end": {
            "line": 153,
            "column": 3
          }
        },
        "type": "if",
        "locations": [
          {
            "start": {
              "line": 150,
              "column": 2
            },
            "end": {
              "line": 153,
              "column": 3
            }
          },
          {
            "start": {
              "line": 150,
              "column": 2
            },
            "end": {
              "line": 153,
              "column": 3
            }
          }
        ],
        "line": 150
      },
      "7": {
        "loc": {
          "start": {
            "line": 155,
            "column": 2
          },
          "end": {
            "line": 158,
            "column": 3
          }
        },
        "type": "if",
        "locations": [
          {
            "start": {
              "line": 155,
              "column": 2
            },
            "end": {
              "line": 158,
              "column": 3
            }
          },
          {
            "start": {
              "line": 155,
              "column": 2
            },
            "end": {
              "line": 158,
              "column": 3
            }
          }
        ],
        "line": 155
      },
      "8": {
        "loc": {
          "start": {
            "line": 160,
            "column": 2
          },
          "end": {
            "line": 163,
            "column": 3
          }
        },
        "type": "if",
        "locations": [
          {
            "start": {
              "line": 160,
              "column": 2
            },
            "end": {
              "line": 163,
              "column": 3
            }
          },
          {
            "start": {
              "line": 160,
              "column": 2
            },
            "end": {
              "line": 163,
              "column": 3
            }
          }
        ],
        "line": 160
      },
      "9": {
        "loc": {
          "start": {
            "line": 205,
            "column": 3
          },
          "end": {
            "line": 210,
            "column": 4
          }
        },
        "type": "if",
        "locations": [
          {
            "start": {
              "line": 205,
              "column": 3
            },
            "end": {
              "line": 210,
              "column": 4
            }
          },
          {
            "start": {
              "line": 205,
              "column": 3
            },
            "end": {
              "line": 210,
              "column": 4
            }
          }
        ],
        "line": 205
      },
      "10": {
        "loc": {
          "start": {
            "line": 214,
            "column": 2
          },
          "end": {
            "line": 216,
            "column": 3
          }
        },
        "type": "if",
        "locations": [
          {
            "start": {
              "line": 214,
              "column": 2
            },
            "end": {
              "line": 216,
              "column": 3
            }
          },
          {
            "start": {
              "line": 214,
              "column": 2
            },
            "end": {
              "line": 216,
              "column": 3
            }
          }
        ],
        "line": 214
      },
      "11": {
        "loc": {
          "start": {
            "line": 245,
            "column": 12
          },
          "end": {
            "line": 254,
            "column": 13
          }
        },
        "type": "if",
        "locations": [
          {
            "start": {
              "line": 245,
              "column": 12
            },
            "end": {
              "line": 254,
              "column": 13
            }
          },
          {
            "start": {
              "line": 245,
              "column": 12
            },
            "end": {
              "line": 254,
              "column": 13
            }
          }
        ],
        "line": 245
      },
      "12": {
        "loc": {
          "start": {
            "line": 405,
            "column": 25
          },
          "end": {
            "line": 405,
            "column": 53
          }
        },
        "type": "cond-expr",
        "locations": [
          {
            "start": {
              "line": 405,
              "column": 35
            },
            "end": {
              "line": 405,
              "column": 44
            }
          },
          {
            "start": {
              "line": 405,
              "column": 47
            },
            "end": {
              "line": 405,
              "column": 53
            }
          }
        ],
        "line": 405
      },
      "13": {
        "loc": {
          "start": {
            "line": 406,
            "column": 61
          },
          "end": {
            "line": 406,
            "column": 85
          }
        },
        "type": "cond-expr",
        "locations": [
          {
            "start": {
              "line": 406,
              "column": 71
            },
            "end": {
              "line": 406,
              "column": 76
            }
          },
          {
            "start": {
              "line": 406,
              "column": 79
            },
            "end": {
              "line": 406,
              "column": 85
            }
          }
        ],
        "line": 406
      },
      "14": {
        "loc": {
          "start": {
            "line": 407,
            "column": 66
          },
          "end": {
            "line": 407,
            "column": 126
          }
        },
        "type": "cond-expr",
        "locations": [
          {
            "start": {
              "line": 407,
              "column": 76
            },
            "end": {
              "line": 407,
              "column": 108
            }
          },
          {
            "start": {
              "line": 407,
              "column": 111
            },
            "end": {
              "line": 407,
              "column": 126
            }
          }
        ],
        "line": 407
      }
    },
    "s": {
      "0": 5,
      "1": 0,
      "2": 0,
      "3": 0,
      "4": 0,
      "5": 0,
      "6": 0,
      "7": 0,
      "8": 0,
      "9": 0,
      "10": 0,
      "11": 0,
      "12": 0,
      "13": 0,
      "14": 0,
      "15": 0,
      "16": 0,
      "17": 0,
      "18": 0,
      "19": 0,
      "20": 0,
      "21": 0,
      "22": 0,
      "23": 0,
      "24": 0,
      "25": 0,
      "26": 0,
      "27": 0,
      "28": 0,
      "29": 0,
      "30": 0,
      "31": 0,
      "32": 0,
      "33": 0,
      "34": 0,
      "35": 0,
      "36": 0,
      "37": 0,
      "38": 0,
      "39": 0,
      "40": 0,
      "41": 0,
      "42": 0,
      "43": 0,
      "44": 0,
      "45": 0,
      "46": 0,
      "47": 0,
      "48": 0,
      "49": 0,
      "50": 0,
      "51": 0,
      "52": 0,
      "53": 0,
      "54": 0,
      "55": 0,
      "56": 0,
      "57": 0,
      "58": 0,
      "59": 0,
      "60": 0,
      "61": 0,
      "62": 0,
      "63": 0,
      "64": 0,
      "65": 0,
      "66": 0,
      "67": 0,
      "68": 0,
      "69": 0,
      "70": 0,
      "71": 0,
      "72": 0,
      "73": 0,
      "74": 0,
      "75": 0,
      "76": 0,
      "77": 0,
      "78": 0,
      "79": 0,
      "80": 0,
      "81": 0,
      "82": 0,
      "83": 0,
      "84": 0,
      "85": 0,
      "86": 0,
      "87": 0,
      "88": 0,
      "89": 0,
      "90": 0,
      "91": 0,
      "92": 0,
      "93": 0,
      "94": 0,
      "95": 0,
      "96": 0,
      "97": 0,
      "98": 0,
      "99": 0,
      "100": 0,
      "101": 0,
      "102": 0,
      "103": 0,
      "104": 0,
      "105": 0,
      "106": 0,
      "107": 0,
      "108": 0,
      "109": 0,
      "110": 0,
      "111": 0,
      "112": 0,
      "113": 0,
      "114": 0,
      "115": 0,
      "116": 0
    },
    "f": {
      "0": 0,
      "1": 0,
      "2": 0,
      "3": 0,
      "4": 0,
      "5": 0,
      "6": 0,
      "7": 0,
      "8": 0,
      "9": 0,
      "10": 0,
      "11": 0,
      "12": 0,
      "13": 0,
      "14": 0,
      "15": 0,
      "16": 0,
      "17": 0,
      "18": 0,
      "19": 0,
      "20": 0,
      "21": 0
    },
    "b": {
      "0": [
        0,
        0,
        0,
        0
      ],
      "1": [
        0,
        0
      ],
      "2": [
        0,
        0
      ],
      "3": [
        0,
        0
      ],
      "4": [
        0,
        0
      ],
      "5": [
        0,
        0
      ],
      "6": [
        0,
        0
      ],
      "7": [
        0,
        0
      ],
      "8": [
        0,
        0
      ],
      "9": [
        0,
        0
      ],
      "10": [
        0,
        0
      ],
      "11": [
        0,
        0
      ],
      "12": [
        0,
        0
      ],
      "13": [
        0,
        0
      ],
      "14": [
        0,
        0
      ]
    },
    "_coverageSchema": "1a1c01bbd47fc00a2c39e90264f33305004495a9",
    "hash": "2910e8f0f63135b72546999696fd5c25a6514412"
  },
  "D:\\github\\binar\\binar-final-challenge-frontend\\src\\auth-components\\PhoneProtectedRoute.js": {
    "path": "D:\\github\\binar\\binar-final-challenge-frontend\\src\\auth-components\\PhoneProtectedRoute.js",
    "statementMap": {
      "0": {
        "start": {
          "line": 10,
          "column": 28
        },
        "end": {
          "line": 30,
          "column": 1
        }
      },
      "1": {
        "start": {
          "line": 11,
          "column": 40
        },
        "end": {
          "line": 11,
          "column": 72
        }
      },
      "2": {
        "start": {
          "line": 11,
          "column": 61
        },
        "end": {
          "line": 11,
          "column": 71
        }
      },
      "3": {
        "start": {
          "line": 13,
          "column": 21
        },
        "end": {
          "line": 13,
          "column": 34
        }
      },
      "4": {
        "start": {
          "line": 15,
          "column": 4
        },
        "end": {
          "line": 29,
          "column": 5
        }
      }
    },
    "fnMap": {
      "0": {
        "name": "(anonymous_0)",
        "decl": {
          "start": {
            "line": 10,
            "column": 28
          },
          "end": {
            "line": 10,
            "column": 29
          }
        },
        "loc": {
          "start": {
            "line": 10,
            "column": 46
          },
          "end": {
            "line": 30,
            "column": 1
          }
        },
        "line": 10
      },
      "1": {
        "name": "(anonymous_1)",
        "decl": {
          "start": {
            "line": 11,
            "column": 52
          },
          "end": {
            "line": 11,
            "column": 53
          }
        },
        "loc": {
          "start": {
            "line": 11,
            "column": 61
          },
          "end": {
            "line": 11,
            "column": 71
          }
        },
        "line": 11
      }
    },
    "branchMap": {
      "0": {
        "loc": {
          "start": {
            "line": 18,
            "column": 16
          },
          "end": {
            "line": 26,
            "column": 17
          }
        },
        "type": "cond-expr",
        "locations": [
          {
            "start": {
              "line": 19,
              "column": 20
            },
            "end": {
              "line": 23,
              "column": 21
            }
          },
          {
            "start": {
              "line": 25,
              "column": 20
            },
            "end": {
              "line": 25,
              "column": 28
            }
          }
        ],
        "line": 18
      },
      "1": {
        "loc": {
          "start": {
            "line": 19,
            "column": 20
          },
          "end": {
            "line": 23,
            "column": 21
          }
        },
        "type": "cond-expr",
        "locations": [
          {
            "start": {
              "line": 20,
              "column": 24
            },
            "end": {
              "line": 20,
              "column": 32
            }
          },
          {
            "start": {
              "line": 22,
              "column": 24
            },
            "end": {
              "line": 22,
              "column": 107
            }
          }
        ],
        "line": 19
      }
    },
    "s": {
      "0": 5,
      "1": 0,
      "2": 0,
      "3": 0,
      "4": 0
    },
    "f": {
      "0": 0,
      "1": 0
    },
    "b": {
      "0": [
        0,
        0
      ],
      "1": [
        0,
        0
      ]
    },
    "_coverageSchema": "1a1c01bbd47fc00a2c39e90264f33305004495a9",
    "hash": "9a6f35bd94512bd7aade39541bea341d60fc69b0"
  },
  "D:\\github\\binar\\binar-final-challenge-frontend\\src\\App.js": {
    "path": "D:\\github\\binar\\binar-final-challenge-frontend\\src\\App.js",
    "statementMap": {
      "0": {
        "start": {
          "line": 27,
          "column": 1
        },
        "end": {
          "line": 120,
          "column": 3
        }
      }
    },
    "fnMap": {
      "0": {
        "name": "App",
        "decl": {
          "start": {
            "line": 26,
            "column": 9
          },
          "end": {
            "line": 26,
            "column": 12
          }
        },
        "loc": {
          "start": {
            "line": 26,
            "column": 15
          },
          "end": {
            "line": 121,
            "column": 1
          }
        },
        "line": 26
      }
    },
    "branchMap": {},
    "s": {
      "0": 11
    },
    "f": {
      "0": 11
    },
    "b": {},
    "_coverageSchema": "1a1c01bbd47fc00a2c39e90264f33305004495a9",
    "hash": "5ddb42b216cc52e70c185b09a1eb65bce276b9c6"
  },
  "D:\\github\\binar\\binar-final-challenge-frontend\\src\\index.js": {
    "path": "D:\\github\\binar\\binar-final-challenge-frontend\\src\\index.js",
    "statementMap": {
      "0": {
        "start": {
          "line": 11,
          "column": 13
        },
        "end": {
          "line": 11,
          "column": 65
        }
      },
      "1": {
        "start": {
          "line": 12,
          "column": 0
        },
        "end": {
          "line": 16,
          "column": 2
        }
      }
    },
    "fnMap": {},
    "branchMap": {},
    "s": {
      "0": 5,
      "1": 5
    },
    "f": {},
    "b": {},
    "_coverageSchema": "1a1c01bbd47fc00a2c39e90264f33305004495a9",
    "hash": "8a5718c60b7c016ef765534dcb43e3b238845b2c"
  }
}